mode: set
github.com/ordo/creators-os/cmd/api/main.go:17.13,22.16 3 0
github.com/ordo/creators-os/cmd/api/main.go:22.16,25.3 2 0
github.com/ordo/creators-os/cmd/api/main.go:28.2,33.16 4 0
github.com/ordo/creators-os/cmd/api/main.go:33.16,36.3 2 0
github.com/ordo/creators-os/cmd/api/main.go:37.2,42.16 4 0
github.com/ordo/creators-os/cmd/api/main.go:42.16,45.3 2 0
github.com/ordo/creators-os/cmd/api/main.go:46.2,51.16 4 0
github.com/ordo/creators-os/cmd/api/main.go:51.16,54.3 2 0
github.com/ordo/creators-os/cmd/api/main.go:57.2,95.16 25 0
github.com/ordo/creators-os/cmd/api/main.go:95.16,98.3 1 0
github.com/ordo/creators-os/cmd/api/main.go:98.8,100.3 1 0
github.com/ordo/creators-os/cmd/api/main.go:103.2,145.85 32 0
github.com/ordo/creators-os/cmd/api/main.go:145.85,147.3 1 0
github.com/ordo/creators-os/cmd/api/main.go:149.2,149.12 1 0
github.com/ordo/creators-os/cmd/api/main.go:149.12,150.41 1 0
github.com/ordo/creators-os/cmd/api/main.go:150.41,152.4 1 0
github.com/ordo/creators-os/cmd/api/main.go:156.2,158.104 2 0
github.com/ordo/creators-os/cmd/api/main.go:158.104,160.3 1 0
github.com/ordo/creators-os/cmd/api/main.go:162.2,163.81 2 0
github.com/ordo/creators-os/cmd/api/main.go:163.81,165.3 1 0
github.com/ordo/creators-os/cmd/api/main.go:167.2,167.12 1 0
github.com/ordo/creators-os/cmd/api/main.go:167.12,168.41 1 0
github.com/ordo/creators-os/cmd/api/main.go:168.41,170.4 1 0
github.com/ordo/creators-os/cmd/api/main.go:174.2,176.12 3 0
github.com/ordo/creators-os/cmd/api/main.go:176.12,177.47 1 0
github.com/ordo/creators-os/cmd/api/main.go:177.47,179.4 1 0
github.com/ordo/creators-os/cmd/api/main.go:183.2,190.12 3 0
github.com/ordo/creators-os/cmd/api/main.go:190.12,192.3 1 0
github.com/ordo/creators-os/cmd/api/main.go:195.2,198.9 3 0
github.com/ordo/creators-os/cmd/api/main.go:199.21,200.63 1 0
github.com/ordo/creators-os/cmd/api/main.go:201.26,202.17 1 0
github.com/ordo/creators-os/cmd/api/main.go:202.17,204.4 1 0
github.com/ordo/creators-os/cmd/api/main.go:207.2,210.56 3 0
github.com/ordo/creators-os/cmd/api/main.go:210.56,213.3 2 0
github.com/ordo/creators-os/cmd/api/main.go:215.2,215.60 1 0
github.com/ordo/creators-os/cmd/api/main.go:215.60,217.3 1 0
github.com/ordo/creators-os/cmd/api/main.go:219.2,222.36 3 0
github.com/ordo/creators-os/cmd/api/providers.go:31.46,33.2 1 0
github.com/ordo/creators-os/cmd/api/providers.go:36.53,38.2 1 0
github.com/ordo/creators-os/cmd/api/providers.go:41.80,43.2 1 0
github.com/ordo/creators-os/cmd/api/providers.go:46.83,48.2 1 0
github.com/ordo/creators-os/cmd/api/providers.go:51.93,53.2 1 0
github.com/ordo/creators-os/cmd/api/providers.go:56.95,58.2 1 0
github.com/ordo/creators-os/cmd/api/providers.go:62.91,63.63 1 0
github.com/ordo/creators-os/cmd/api/providers.go:63.63,65.17 2 0
github.com/ordo/creators-os/cmd/api/providers.go:65.17,67.4 1 0
github.com/ordo/creators-os/cmd/api/providers.go:68.3,69.17 2 0
github.com/ordo/creators-os/cmd/api/providers.go:69.17,71.4 1 0
github.com/ordo/creators-os/cmd/api/providers.go:72.3,72.45 1 0
github.com/ordo/creators-os/cmd/api/providers.go:75.2,76.38 2 0
github.com/ordo/creators-os/cmd/api/providers.go:80.62,82.16 2 0
github.com/ordo/creators-os/cmd/api/providers.go:82.16,84.3 1 0
github.com/ordo/creators-os/cmd/api/providers.go:86.2,87.16 2 0
github.com/ordo/creators-os/cmd/api/providers.go:87.16,89.3 1 0
github.com/ordo/creators-os/cmd/api/providers.go:90.2,93.16 3 0
github.com/ordo/creators-os/cmd/api/providers.go:93.16,95.3 1 0
github.com/ordo/creators-os/cmd/api/providers.go:96.2,98.44 2 0
github.com/ordo/creators-os/cmd/api/providers.go:103.92,113.2 1 0
github.com/ordo/creators-os/cmd/api/providers.go:116.66,123.2 2 0
github.com/ordo/creators-os/cmd/api/providers.go:126.118,128.2 1 0
github.com/ordo/creators-os/cmd/api/providers.go:131.135,133.2 1 0
github.com/ordo/creators-os/cmd/api/providers.go:136.138,138.2 1 0
github.com/ordo/creators-os/cmd/api/providers.go:146.23,148.2 1 0
github.com/ordo/creators-os/cmd/api/providers.go:155.26,157.2 1 0
github.com/ordo/creators-os/cmd/api/providers.go:163.25,165.2 1 0
github.com/ordo/creators-os/cmd/api/providers.go:168.75,170.2 1 0
github.com/ordo/creators-os/cmd/api/providers.go:173.87,175.2 1 0
github.com/ordo/creators-os/cmd/api/providers.go:178.83,180.2 1 0
github.com/ordo/creators-os/cmd/api/providers.go:184.87,185.26 1 0
github.com/ordo/creators-os/cmd/api/providers.go:185.26,187.3 1 0
github.com/ordo/creators-os/cmd/api/providers.go:188.2,188.48 1 0
github.com/ordo/creators-os/cmd/api/providers.go:198.28,200.2 1 0
github.com/ordo/creators-os/cmd/api/providers.go:203.92,205.2 1 0
github.com/ordo/creators-os/cmd/api/providers.go:215.23,217.2 1 0
github.com/ordo/creators-os/cmd/api/providers.go:220.133,222.2 1 0
github.com/ordo/creators-os/cmd/api/providers.go:225.82,227.2 1 0
github.com/ordo/creators-os/cmd/api/providers.go:253.18,259.2 2 0
github.com/ordo/creators-os/cmd/api/providers.go:267.3,272.2 1 0
github.com/ordo/creators-os/cmd/api/providers.go:279.29,282.19 2 0
github.com/ordo/creators-os/cmd/api/providers.go:282.19,286.3 3 0
github.com/ordo/creators-os/cmd/api/providers.go:286.8,286.26 1 0
github.com/ordo/creators-os/cmd/api/providers.go:286.26,288.3 1 0
github.com/ordo/creators-os/cmd/api/providers.go:289.2,289.56 1 0
github.com/ordo/creators-os/cmd/api/providers.go:297.28,299.2 1 0
github.com/ordo/creators-os/cmd/api/providers.go:306.31,308.2 1 0
github.com/ordo/creators-os/cmd/api/providers.go:314.30,316.2 1 0
github.com/ordo/creators-os/cmd/api/providers.go:324.26,326.2 1 0
github.com/ordo/creators-os/cmd/api/providers.go:329.89,331.2 1 0
github.com/ordo/creators-os/cmd/api/providers.go:334.86,336.2 1 0
github.com/ordo/creators-os/cmd/api/providers.go:339.95,341.2 1 0
github.com/ordo/creators-os/cmd/api/providers.go:344.92,346.2 1 0
github.com/ordo/creators-os/cmd/api/providers.go:349.80,351.2 1 0
github.com/ordo/creators-os/cmd/api/providers.go:354.32,358.2 3 0
github.com/ordo/creators-os/cmd/api/providers.go:361.87,363.2 1 0
github.com/ordo/creators-os/cmd/api/providers.go:366.70,368.2 1 0
github.com/ordo/creators-os/cmd/api/providers.go:371.53,375.2 3 0
github.com/ordo/creators-os/cmd/api/providers.go:378.100,380.2 1 0
github.com/ordo/creators-os/cmd/api/providers.go:388.21,390.2 1 0
github.com/ordo/creators-os/cmd/api/providers.go:398.24,400.2 1 0
github.com/ordo/creators-os/cmd/api/providers.go:403.135,405.2 1 0
github.com/ordo/creators-os/cmd/api/providers.go:408.79,410.2 1 0
github.com/ordo/creators-os/cmd/api/providers.go:413.79,415.2 1 0
github.com/ordo/creators-os/cmd/api/providers.go:418.68,422.2 3 0
github.com/ordo/creators-os/cmd/api/providers.go:426.87,428.2 1 0
github.com/ordo/creators-os/cmd/api/providers.go:431.66,433.2 1 0
github.com/ordo/creators-os/internal/service/ai_service.go:29.13,30.19 1 0
github.com/ordo/creators-os/internal/service/ai_service.go:30.19,32.3 1 0
github.com/ordo/creators-os/internal/service/ai_service.go:33.2,38.3 1 0
github.com/ordo/creators-os/internal/service/ai_service.go:42.98,44.2 1 0
github.com/ordo/creators-os/internal/service/ai_service.go:47.133,50.16 2 0
github.com/ordo/creators-os/internal/service/ai_service.go:50.16,52.3 1 0
github.com/ordo/creators-os/internal/service/ai_service.go:55.2,56.23 2 0
github.com/ordo/creators-os/internal/service/ai_service.go:56.23,58.3 1 0
github.com/ordo/creators-os/internal/service/ai_service.go:61.2,61.76 1 0
github.com/ordo/creators-os/internal/service/ai_service.go:61.76,63.3 1 0
github.com/ordo/creators-os/internal/service/ai_service.go:66.2,72.61 2 0
github.com/ordo/creators-os/internal/service/ai_service.go:72.61,74.3 1 0
github.com/ordo/creators-os/internal/service/ai_service.go:77.2,78.16 2 0
github.com/ordo/creators-os/internal/service/ai_service.go:78.16,80.3 1 0
github.com/ordo/creators-os/internal/service/ai_service.go:84.2,85.28 2 0
github.com/ordo/creators-os/internal/service/ai_service.go:85.28,87.3 1 0
github.com/ordo/creators-os/internal/service/ai_service.go:89.2,97.67 3 0
github.com/ordo/creators-os/internal/service/ai_service.go:97.67,99.3 1 0
github.com/ordo/creators-os/internal/service/ai_service.go:102.2,111.66 4 0
github.com/ordo/creators-os/internal/service/ai_service.go:111.66,113.3 1 0
github.com/ordo/creators-os/internal/service/ai_service.go:116.2,116.42 1 0
github.com/ordo/creators-os/internal/service/ai_service.go:116.42,121.3 1 0
github.com/ordo/creators-os/internal/service/ai_service.go:123.2,123.12 1 0
github.com/ordo/creators-os/internal/service/ai_service.go:127.101,130.23 3 0
github.com/ordo/creators-os/internal/service/ai_service.go:130.23,132.3 1 0
github.com/ordo/creators-os/internal/service/ai_service.go:134.2,134.76 1 0
github.com/ordo/creators-os/internal/service/ai_service.go:134.76,136.3 1 0
github.com/ordo/creators-os/internal/service/ai_service.go:138.2,147.16 3 0
github.com/ordo/creators-os/internal/service/ai_service.go:147.16,149.3 1 0
github.com/ordo/creators-os/internal/service/ai_service.go:150.2,150.26 1 0
github.com/ordo/creators-os/internal/service/ai_service.go:154.118,157.23 3 0
github.com/ordo/creators-os/internal/service/ai_service.go:157.23,159.3 1 0
github.com/ordo/creators-os/internal/service/ai_service.go:161.2,161.76 1 0
github.com/ordo/creators-os/internal/service/ai_service.go:161.76,163.3 1 0
github.com/ordo/creators-os/internal/service/ai_service.go:165.2,174.16 3 0
github.com/ordo/creators-os/internal/service/ai_service.go:174.16,176.3 1 0
github.com/ordo/creators-os/internal/service/ai_service.go:177.2,177.26 1 0
github.com/ordo/creators-os/internal/service/ai_service.go:181.90,183.2 1 0
github.com/ordo/creators-os/internal/service/ai_service.go:191.57,194.2 2 0
github.com/ordo/creators-os/internal/service/ai_service.go:197.36,198.55 1 0
github.com/ordo/creators-os/internal/service/ai_service.go:198.55,200.3 1 0
github.com/ordo/creators-os/internal/service/analytics_service.go:29.128,30.19 1 0
github.com/ordo/creators-os/internal/service/analytics_service.go:30.19,32.3 1 0
github.com/ordo/creators-os/internal/service/analytics_service.go:33.2,33.80 1 0
github.com/ordo/creators-os/internal/service/analytics_service.go:36.119,38.2 1 0
github.com/ordo/creators-os/internal/service/analytics_service.go:40.153,42.2 1 0
github.com/ordo/creators-os/internal/service/analytics_service.go:44.171,45.16 1 0
github.com/ordo/creators-os/internal/service/analytics_service.go:45.16,47.3 1 0
github.com/ordo/creators-os/internal/service/analytics_service.go:48.2,48.71 1 0
github.com/ordo/creators-os/internal/service/analytics_service.go:51.90,53.16 2 0
github.com/ordo/creators-os/internal/service/analytics_service.go:53.16,55.3 1 0
github.com/ordo/creators-os/internal/service/analytics_service.go:57.2,58.67 2 0
github.com/ordo/creators-os/internal/service/analytics_service.go:58.67,60.3 1 0
github.com/ordo/creators-os/internal/service/analytics_service.go:61.2,61.12 1 0
github.com/ordo/creators-os/internal/service/audit_service.go:28.77,34.2 1 0
github.com/ordo/creators-os/internal/service/audit_service.go:38.81,39.9 1 0
github.com/ordo/creators-os/internal/service/audit_service.go:40.21,40.21 0 0
github.com/ordo/creators-os/internal/service/audit_service.go:41.10,42.81 1 0
github.com/ordo/creators-os/internal/service/audit_service.go:49.51,51.2 1 0
github.com/ordo/creators-os/internal/service/audit_service.go:53.49,59.18 4 0
github.com/ordo/creators-os/internal/service/audit_service.go:59.18,60.22 1 0
github.com/ordo/creators-os/internal/service/audit_service.go:60.22,62.4 1 0
github.com/ordo/creators-os/internal/service/audit_service.go:63.3,63.50 1 0
github.com/ordo/creators-os/internal/service/audit_service.go:63.50,65.4 1 0
github.com/ordo/creators-os/internal/service/audit_service.go:66.3,66.20 1 0
github.com/ordo/creators-os/internal/service/audit_service.go:69.2,69.6 1 0
github.com/ordo/creators-os/internal/service/audit_service.go:69.6,70.10 1 0
github.com/ordo/creators-os/internal/service/audit_service.go:71.28,72.11 1 0
github.com/ordo/creators-os/internal/service/audit_service.go:72.11,75.5 2 0
github.com/ordo/creators-os/internal/service/audit_service.go:76.4,77.36 2 0
github.com/ordo/creators-os/internal/service/audit_service.go:77.36,79.5 1 0
github.com/ordo/creators-os/internal/service/audit_service.go:80.19,81.11 1 0
github.com/ordo/creators-os/internal/service/audit_service.go:82.21,84.8 1 0
github.com/ordo/creators-os/internal/service/audit_service.go:84.8,85.12 1 0
github.com/ordo/creators-os/internal/service/audit_service.go:86.26,87.34 1 0
github.com/ordo/creators-os/internal/service/audit_service.go:88.13,90.12 2 0
github.com/ordo/creators-os/internal/service/audit_service.go:97.98,99.28 2 0
github.com/ordo/creators-os/internal/service/audit_service.go:99.28,101.22 2 0
github.com/ordo/creators-os/internal/service/audit_service.go:101.22,103.4 1 0
github.com/ordo/creators-os/internal/service/audit_service.go:104.3,111.5 1 0
github.com/ordo/creators-os/internal/service/audit_service.go:114.2,120.12 2 0
github.com/ordo/creators-os/internal/service/auth_service.go:43.15,44.19 1 0
github.com/ordo/creators-os/internal/service/auth_service.go:44.19,46.3 1 0
github.com/ordo/creators-os/internal/service/auth_service.go:47.2,54.3 1 0
github.com/ordo/creators-os/internal/service/auth_service.go:58.115,61.55 2 0
github.com/ordo/creators-os/internal/service/auth_service.go:61.55,63.3 1 0
github.com/ordo/creators-os/internal/service/auth_service.go:64.2,64.21 1 0
github.com/ordo/creators-os/internal/service/auth_service.go:64.21,66.3 1 0
github.com/ordo/creators-os/internal/service/auth_service.go:68.2,69.16 2 0
github.com/ordo/creators-os/internal/service/auth_service.go:69.16,71.3 1 0
github.com/ordo/creators-os/internal/service/auth_service.go:73.2,82.16 3 0
github.com/ordo/creators-os/internal/service/auth_service.go:82.16,84.3 1 0
github.com/ordo/creators-os/internal/service/auth_service.go:87.2,88.16 2 0
github.com/ordo/creators-os/internal/service/auth_service.go:88.16,90.3 1 0
github.com/ordo/creators-os/internal/service/auth_service.go:90.8,92.101 2 0
github.com/ordo/creators-os/internal/service/auth_service.go:92.101,94.4 1 0
github.com/ordo/creators-os/internal/service/auth_service.go:94.9,96.22 2 0
github.com/ordo/creators-os/internal/service/auth_service.go:96.22,97.76 1 0
github.com/ordo/creators-os/internal/service/auth_service.go:97.76,99.6 1 0
github.com/ordo/creators-os/internal/service/auth_service.go:104.2,104.36 1 0
github.com/ordo/creators-os/internal/service/auth_service.go:109.102,111.16 2 0
github.com/ordo/creators-os/internal/service/auth_service.go:111.16,112.41 1 0
github.com/ordo/creators-os/internal/service/auth_service.go:112.41,114.4 1 0
github.com/ordo/creators-os/internal/service/auth_service.go:115.3,115.59 1 0
github.com/ordo/creators-os/internal/service/auth_service.go:118.2,118.83 1 0
github.com/ordo/creators-os/internal/service/auth_service.go:118.83,120.3 1 0
github.com/ordo/creators-os/internal/service/auth_service.go:122.2,122.33 1 0
github.com/ordo/creators-os/internal/service/auth_service.go:126.107,130.16 3 0
github.com/ordo/creators-os/internal/service/auth_service.go:130.16,131.41 1 0
github.com/ordo/creators-os/internal/service/auth_service.go:131.41,133.4 1 0
github.com/ordo/creators-os/internal/service/auth_service.go:134.3,134.64 1 0
github.com/ordo/creators-os/internal/service/auth_service.go:137.2,137.30 1 0
github.com/ordo/creators-os/internal/service/auth_service.go:137.30,139.3 1 0
github.com/ordo/creators-os/internal/service/auth_service.go:140.2,140.41 1 0
github.com/ordo/creators-os/internal/service/auth_service.go:140.41,142.3 1 0
github.com/ordo/creators-os/internal/service/auth_service.go:145.2,145.56 1 0
github.com/ordo/creators-os/internal/service/auth_service.go:145.56,147.3 1 0
github.com/ordo/creators-os/internal/service/auth_service.go:150.2,151.16 2 0
github.com/ordo/creators-os/internal/service/auth_service.go:151.16,153.3 1 0
github.com/ordo/creators-os/internal/service/auth_service.go:155.2,155.33 1 0
github.com/ordo/creators-os/internal/service/auth_service.go:159.78,162.2 2 0
github.com/ordo/creators-os/internal/service/auth_service.go:165.78,167.2 1 0
github.com/ordo/creators-os/internal/service/auth_service.go:171.79,173.16 2 0
github.com/ordo/creators-os/internal/service/auth_service.go:173.16,176.3 1 0
github.com/ordo/creators-os/internal/service/auth_service.go:178.2,179.16 2 0
github.com/ordo/creators-os/internal/service/auth_service.go:179.16,182.3 2 0
github.com/ordo/creators-os/internal/service/auth_service.go:184.2,187.91 3 0
github.com/ordo/creators-os/internal/service/auth_service.go:187.91,190.3 2 0
github.com/ordo/creators-os/internal/service/auth_service.go:192.2,193.20 2 0
github.com/ordo/creators-os/internal/service/auth_service.go:193.20,194.74 1 0
github.com/ordo/creators-os/internal/service/auth_service.go:194.74,196.4 1 0
github.com/ordo/creators-os/internal/service/auth_service.go:199.2,199.12 1 0
github.com/ordo/creators-os/internal/service/auth_service.go:203.91,207.16 3 0
github.com/ordo/creators-os/internal/service/auth_service.go:207.16,209.3 1 0
github.com/ordo/creators-os/internal/service/auth_service.go:211.2,211.90 1 0
github.com/ordo/creators-os/internal/service/auth_service.go:211.90,213.3 1 0
github.com/ordo/creators-os/internal/service/auth_service.go:215.2,216.16 2 0
github.com/ordo/creators-os/internal/service/auth_service.go:216.16,218.3 1 0
github.com/ordo/creators-os/internal/service/auth_service.go:220.2,220.57 1 0
github.com/ordo/creators-os/internal/service/auth_service.go:224.76,226.2 1 0
github.com/ordo/creators-os/internal/service/auth_service.go:229.113,230.23 1 0
github.com/ordo/creators-os/internal/service/auth_service.go:230.23,232.3 1 0
github.com/ordo/creators-os/internal/service/auth_service.go:233.2,233.61 1 0
github.com/ordo/creators-os/internal/service/auth_service.go:233.61,235.3 1 0
github.com/ordo/creators-os/internal/service/auth_service.go:237.2,238.16 2 0
github.com/ordo/creators-os/internal/service/auth_service.go:238.16,240.3 1 0
github.com/ordo/creators-os/internal/service/auth_service.go:242.2,243.16 2 0
github.com/ordo/creators-os/internal/service/auth_service.go:243.16,245.3 1 0
github.com/ordo/creators-os/internal/service/auth_service.go:247.2,248.29 2 0
github.com/ordo/creators-os/internal/service/auth_service.go:248.29,250.3 1 0
github.com/ordo/creators-os/internal/service/auth_service.go:252.2,253.16 2 0
github.com/ordo/creators-os/internal/service/auth_service.go:253.16,255.3 1 0
github.com/ordo/creators-os/internal/service/auth_service.go:257.2,257.33 1 0
github.com/ordo/creators-os/internal/service/auth_service.go:261.103,263.16 2 0
github.com/ordo/creators-os/internal/service/auth_service.go:263.16,265.3 1 0
github.com/ordo/creators-os/internal/service/auth_service.go:267.2,268.16 2 0
github.com/ordo/creators-os/internal/service/auth_service.go:268.16,270.3 1 0
github.com/ordo/creators-os/internal/service/auth_service.go:272.2,279.62 3 0
github.com/ordo/creators-os/internal/service/auth_service.go:279.62,281.3 1 0
github.com/ordo/creators-os/internal/service/auth_service.go:283.2,287.8 1 0
github.com/ordo/creators-os/internal/service/auth_service.go:291.44,293.40 2 0
github.com/ordo/creators-os/internal/service/auth_service.go:293.40,295.3 1 0
github.com/ordo/creators-os/internal/service/auth_service.go:296.2,296.35 1 0
github.com/ordo/creators-os/internal/service/billing_service.go:35.18,36.19 1 0
github.com/ordo/creators-os/internal/service/billing_service.go:36.19,38.3 1 0
github.com/ordo/creators-os/internal/service/billing_service.go:39.2,46.3 2 0
github.com/ordo/creators-os/internal/service/billing_service.go:51.119,53.16 2 0
github.com/ordo/creators-os/internal/service/billing_service.go:53.16,55.3 1 0
github.com/ordo/creators-os/internal/service/billing_service.go:57.2,58.34 2 0
github.com/ordo/creators-os/internal/service/billing_service.go:58.34,60.3 1 0
github.com/ordo/creators-os/internal/service/billing_service.go:60.8,64.17 2 0
github.com/ordo/creators-os/internal/service/billing_service.go:64.17,66.4 1 0
github.com/ordo/creators-os/internal/service/billing_service.go:67.3,68.84 2 0
github.com/ordo/creators-os/internal/service/billing_service.go:68.84,70.4 1 0
github.com/ordo/creators-os/internal/service/billing_service.go:73.2,84.16 3 0
github.com/ordo/creators-os/internal/service/billing_service.go:84.16,86.3 1 0
github.com/ordo/creators-os/internal/service/billing_service.go:88.2,88.22 1 0
github.com/ordo/creators-os/internal/service/billing_service.go:92.101,94.16 2 0
github.com/ordo/creators-os/internal/service/billing_service.go:94.16,96.3 1 0
github.com/ordo/creators-os/internal/service/billing_service.go:98.2,98.34 1 0
github.com/ordo/creators-os/internal/service/billing_service.go:98.34,100.3 1 0
github.com/ordo/creators-os/internal/service/billing_service.go:102.2,108.16 3 0
github.com/ordo/creators-os/internal/service/billing_service.go:108.16,110.3 1 0
github.com/ordo/creators-os/internal/service/billing_service.go:112.2,112.22 1 0
github.com/ordo/creators-os/internal/service/billing_service.go:117.101,119.16 2 0
github.com/ordo/creators-os/internal/service/billing_service.go:119.16,121.3 1 0
github.com/ordo/creators-os/internal/service/billing_service.go:124.2,126.16 3 0
github.com/ordo/creators-os/internal/service/billing_service.go:126.16,128.3 1 0
github.com/ordo/creators-os/internal/service/billing_service.go:128.8,128.17 1 0
github.com/ordo/creators-os/internal/service/billing_service.go:128.17,131.3 1 0
github.com/ordo/creators-os/internal/service/billing_service.go:133.2,133.20 1 0
github.com/ordo/creators-os/internal/service/billing_service.go:134.36,135.47 1 0
github.com/ordo/creators-os/internal/service/billing_service.go:137.39,138.49 1 0
github.com/ordo/creators-os/internal/service/billing_service.go:140.39,141.49 1 0
github.com/ordo/creators-os/internal/service/billing_service.go:143.32,145.13 2 0
github.com/ordo/creators-os/internal/service/billing_service.go:147.10,149.13 2 0
github.com/ordo/creators-os/internal/service/billing_service.go:153.97,155.62 2 0
github.com/ordo/creators-os/internal/service/billing_service.go:155.62,157.3 1 0
github.com/ordo/creators-os/internal/service/billing_service.go:158.2,159.12 2 0
github.com/ordo/creators-os/internal/service/billing_service.go:162.99,164.61 2 0
github.com/ordo/creators-os/internal/service/billing_service.go:164.61,166.3 1 0
github.com/ordo/creators-os/internal/service/billing_service.go:168.2,169.29 2 0
github.com/ordo/creators-os/internal/service/billing_service.go:169.29,170.60 1 0
github.com/ordo/creators-os/internal/service/billing_service.go:170.60,172.4 1 0
github.com/ordo/creators-os/internal/service/billing_service.go:175.2,176.17 2 0
github.com/ordo/creators-os/internal/service/billing_service.go:177.13,178.24 1 0
github.com/ordo/creators-os/internal/service/billing_service.go:179.20,180.31 1 0
github.com/ordo/creators-os/internal/service/billing_service.go:181.10,182.25 1 0
github.com/ordo/creators-os/internal/service/billing_service.go:185.2,186.25 2 0
github.com/ordo/creators-os/internal/service/billing_service.go:186.25,188.3 1 0
github.com/ordo/creators-os/internal/service/billing_service.go:190.2,192.22 2 0
github.com/ordo/creators-os/internal/service/billing_service.go:192.22,194.3 1 0
github.com/ordo/creators-os/internal/service/billing_service.go:196.2,197.16 2 0
github.com/ordo/creators-os/internal/service/billing_service.go:197.16,200.3 2 0
github.com/ordo/creators-os/internal/service/billing_service.go:202.2,202.62 1 0
github.com/ordo/creators-os/internal/service/billing_service.go:205.99,207.61 2 0
github.com/ordo/creators-os/internal/service/billing_service.go:207.61,209.3 1 0
github.com/ordo/creators-os/internal/service/billing_service.go:211.2,212.25 2 0
github.com/ordo/creators-os/internal/service/billing_service.go:212.25,214.3 1 0
github.com/ordo/creators-os/internal/service/billing_service.go:215.2,215.22 1 0
github.com/ordo/creators-os/internal/service/billing_service.go:215.22,217.3 1 0
github.com/ordo/creators-os/internal/service/billing_service.go:219.2,220.16 2 0
github.com/ordo/creators-os/internal/service/billing_service.go:220.16,223.3 2 0
github.com/ordo/creators-os/internal/service/billing_service.go:225.2,225.73 1 0
github.com/ordo/creators-os/internal/service/content_service.go:27.18,28.19 1 0
github.com/ordo/creators-os/internal/service/content_service.go:28.19,30.3 1 0
github.com/ordo/creators-os/internal/service/content_service.go:31.2,35.3 1 0
github.com/ordo/creators-os/internal/service/content_service.go:39.217,40.23 1 0
github.com/ordo/creators-os/internal/service/content_service.go:40.23,42.3 1 0
github.com/ordo/creators-os/internal/service/content_service.go:44.2,56.16 3 0
github.com/ordo/creators-os/internal/service/content_service.go:56.16,58.3 1 0
github.com/ordo/creators-os/internal/service/content_service.go:59.2,59.21 1 0
github.com/ordo/creators-os/internal/service/content_service.go:63.94,65.16 2 0
github.com/ordo/creators-os/internal/service/content_service.go:65.16,67.3 1 0
github.com/ordo/creators-os/internal/service/content_service.go:68.2,68.21 1 0
github.com/ordo/creators-os/internal/service/content_service.go:72.131,74.16 2 0
github.com/ordo/creators-os/internal/service/content_service.go:74.16,76.3 1 0
github.com/ordo/creators-os/internal/service/content_service.go:77.2,77.22 1 0
github.com/ordo/creators-os/internal/service/content_service.go:81.204,83.16 2 0
github.com/ordo/creators-os/internal/service/content_service.go:83.16,85.3 1 0
github.com/ordo/creators-os/internal/service/content_service.go:87.2,87.18 1 0
github.com/ordo/creators-os/internal/service/content_service.go:87.18,89.3 1 0
github.com/ordo/creators-os/internal/service/content_service.go:90.2,90.24 1 0
github.com/ordo/creators-os/internal/service/content_service.go:90.24,92.3 1 0
github.com/ordo/creators-os/internal/service/content_service.go:93.2,93.27 1 0
github.com/ordo/creators-os/internal/service/content_service.go:93.27,95.3 1 0
github.com/ordo/creators-os/internal/service/content_service.go:97.2,98.16 2 0
github.com/ordo/creators-os/internal/service/content_service.go:98.16,100.3 1 0
github.com/ordo/creators-os/internal/service/content_service.go:101.2,101.21 1 0
github.com/ordo/creators-os/internal/service/content_service.go:105.74,106.58 1 0
github.com/ordo/creators-os/internal/service/content_service.go:106.58,108.3 1 0
github.com/ordo/creators-os/internal/service/content_service.go:109.2,109.12 1 0
github.com/ordo/creators-os/internal/service/content_service.go:113.116,115.16 2 0
github.com/ordo/creators-os/internal/service/content_service.go:115.16,117.3 1 0
github.com/ordo/creators-os/internal/service/content_service.go:119.2,119.76 1 0
github.com/ordo/creators-os/internal/service/content_service.go:119.76,121.3 1 0
github.com/ordo/creators-os/internal/service/content_service.go:123.2,123.71 1 0
github.com/ordo/creators-os/internal/service/content_service.go:123.71,125.3 1 0
github.com/ordo/creators-os/internal/service/content_service.go:128.2,129.16 2 0
github.com/ordo/creators-os/internal/service/content_service.go:129.16,132.3 2 0
github.com/ordo/creators-os/internal/service/content_service.go:134.2,134.32 1 0
github.com/ordo/creators-os/internal/service/content_service.go:134.32,136.21 2 0
github.com/ordo/creators-os/internal/service/content_service.go:136.21,138.12 2 0
github.com/ordo/creators-os/internal/service/content_service.go:140.3,140.68 1 0
github.com/ordo/creators-os/internal/service/content_service.go:140.68,142.4 1 0
github.com/ordo/creators-os/internal/service/content_service.go:145.2,145.12 1 0
github.com/ordo/creators-os/internal/service/content_service.go:149.138,150.16 1 0
github.com/ordo/creators-os/internal/service/content_service.go:150.16,152.3 1 0
github.com/ordo/creators-os/internal/service/content_service.go:154.2,161.16 3 0
github.com/ordo/creators-os/internal/service/content_service.go:161.16,163.3 1 0
github.com/ordo/creators-os/internal/service/content_service.go:166.2,167.20 2 0
github.com/ordo/creators-os/internal/service/content_service.go:167.20,168.74 1 0
github.com/ordo/creators-os/internal/service/content_service.go:168.74,170.4 1 0
github.com/ordo/creators-os/internal/service/content_service.go:173.2,173.21 1 0
github.com/ordo/creators-os/internal/service/content_service.go:177.99,178.79 1 0
github.com/ordo/creators-os/internal/service/content_service.go:178.79,180.3 1 0
github.com/ordo/creators-os/internal/service/content_service.go:181.2,181.12 1 0
github.com/ordo/creators-os/internal/service/gamification_service.go:21.146,22.19 1 0
github.com/ordo/creators-os/internal/service/gamification_service.go:22.19,24.3 1 0
github.com/ordo/creators-os/internal/service/gamification_service.go:25.2,25.77 1 0
github.com/ordo/creators-os/internal/service/gamification_service.go:30.117,32.16 2 0
github.com/ordo/creators-os/internal/service/gamification_service.go:32.16,34.3 1 0
github.com/ordo/creators-os/internal/service/gamification_service.go:38.2,39.16 2 0
github.com/ordo/creators-os/internal/service/gamification_service.go:39.16,41.3 1 0
github.com/ordo/creators-os/internal/service/gamification_service.go:43.2,45.20 3 0
github.com/ordo/creators-os/internal/service/gamification_service.go:45.20,47.3 1 0
github.com/ordo/creators-os/internal/service/gamification_service.go:49.2,58.50 2 0
github.com/ordo/creators-os/internal/service/gamification_service.go:63.116,65.16 2 0
github.com/ordo/creators-os/internal/service/gamification_service.go:65.16,67.3 1 0
github.com/ordo/creators-os/internal/service/gamification_service.go:69.2,70.16 2 0
github.com/ordo/creators-os/internal/service/gamification_service.go:70.16,76.3 1 0
github.com/ordo/creators-os/internal/service/gamification_service.go:78.2,79.48 2 0
github.com/ordo/creators-os/internal/service/gamification_service.go:79.48,81.3 1 0
github.com/ordo/creators-os/internal/service/gamification_service.go:83.2,86.35 3 0
github.com/ordo/creators-os/internal/service/gamification_service.go:86.35,87.49 1 0
github.com/ordo/creators-os/internal/service/gamification_service.go:87.49,88.12 1 0
github.com/ordo/creators-os/internal/service/gamification_service.go:90.3,90.43 1 0
github.com/ordo/creators-os/internal/service/gamification_service.go:90.43,98.4 3 0
github.com/ordo/creators-os/internal/service/gamification_service.go:101.2,101.27 1 0
github.com/ordo/creators-os/internal/service/gamification_service.go:101.27,103.3 1 0
github.com/ordo/creators-os/internal/service/gamification_service.go:105.2,109.12 4 0
github.com/ordo/creators-os/internal/service/gamification_service.go:112.100,113.33 1 0
github.com/ordo/creators-os/internal/service/gamification_service.go:113.33,115.10 2 0
github.com/ordo/creators-os/internal/service/gamification_service.go:115.10,116.12 1 0
github.com/ordo/creators-os/internal/service/gamification_service.go:118.3,118.14 1 0
github.com/ordo/creators-os/internal/service/gamification_service.go:119.26,120.47 1 0
github.com/ordo/creators-os/internal/service/gamification_service.go:120.47,122.5 1 0
github.com/ordo/creators-os/internal/service/gamification_service.go:123.22,125.47 1 0
github.com/ordo/creators-os/internal/service/gamification_service.go:125.47,127.5 1 0
github.com/ordo/creators-os/internal/service/gamification_service.go:130.2,130.13 1 0
github.com/ordo/creators-os/internal/service/gamification_service.go:133.35,134.23 1 0
github.com/ordo/creators-os/internal/service/gamification_service.go:135.15,136.24 1 0
github.com/ordo/creators-os/internal/service/gamification_service.go:137.13,138.17 1 0
github.com/ordo/creators-os/internal/service/gamification_service.go:139.11,140.24 1 0
github.com/ordo/creators-os/internal/service/gamification_service.go:142.2,142.17 1 0
github.com/ordo/creators-os/internal/service/gamification_service.go:145.130,146.16 1 0
github.com/ordo/creators-os/internal/service/gamification_service.go:146.16,148.3 1 0
github.com/ordo/creators-os/internal/service/gamification_service.go:149.2,149.55 1 0
github.com/ordo/creators-os/internal/service/gamification_service.go:152.121,154.16 2 0
github.com/ordo/creators-os/internal/service/gamification_service.go:154.16,156.3 1 0
github.com/ordo/creators-os/internal/service/gamification_service.go:157.2,157.19 1 0
github.com/ordo/creators-os/internal/service/gamification_service.go:160.100,162.2 1 0
github.com/ordo/creators-os/internal/service/idea_service.go:29.15,30.19 1 0
github.com/ordo/creators-os/internal/service/idea_service.go:30.19,32.3 1 0
github.com/ordo/creators-os/internal/service/idea_service.go:33.2,38.3 1 0
github.com/ordo/creators-os/internal/service/idea_service.go:42.179,54.16 3 0
github.com/ordo/creators-os/internal/service/idea_service.go:54.16,56.3 1 0
github.com/ordo/creators-os/internal/service/idea_service.go:57.2,57.21 1 0
github.com/ordo/creators-os/internal/service/idea_service.go:61.88,63.16 2 0
github.com/ordo/creators-os/internal/service/idea_service.go:63.16,65.3 1 0
github.com/ordo/creators-os/internal/service/idea_service.go:66.2,66.18 1 0
github.com/ordo/creators-os/internal/service/idea_service.go:70.122,72.16 2 0
github.com/ordo/creators-os/internal/service/idea_service.go:72.16,74.3 1 0
github.com/ordo/creators-os/internal/service/idea_service.go:75.2,75.19 1 0
github.com/ordo/creators-os/internal/service/idea_service.go:79.123,81.16 2 0
github.com/ordo/creators-os/internal/service/idea_service.go:81.16,83.3 1 0
github.com/ordo/creators-os/internal/service/idea_service.go:85.2,85.18 1 0
github.com/ordo/creators-os/internal/service/idea_service.go:85.18,87.3 1 0
github.com/ordo/creators-os/internal/service/idea_service.go:88.2,88.24 1 0
github.com/ordo/creators-os/internal/service/idea_service.go:88.24,90.3 1 0
github.com/ordo/creators-os/internal/service/idea_service.go:92.2,93.16 2 0
github.com/ordo/creators-os/internal/service/idea_service.go:93.16,95.3 1 0
github.com/ordo/creators-os/internal/service/idea_service.go:96.2,96.21 1 0
github.com/ordo/creators-os/internal/service/idea_service.go:100.71,101.55 1 0
github.com/ordo/creators-os/internal/service/idea_service.go:101.55,103.3 1 0
github.com/ordo/creators-os/internal/service/idea_service.go:104.2,104.12 1 0
github.com/ordo/creators-os/internal/service/idea_service.go:108.82,110.16 2 0
github.com/ordo/creators-os/internal/service/idea_service.go:110.16,112.3 1 0
github.com/ordo/creators-os/internal/service/idea_service.go:114.2,114.43 1 0
github.com/ordo/creators-os/internal/service/idea_service.go:114.43,116.3 1 0
github.com/ordo/creators-os/internal/service/idea_service.go:118.2,119.20 2 0
github.com/ordo/creators-os/internal/service/idea_service.go:119.20,121.3 1 0
github.com/ordo/creators-os/internal/service/idea_service.go:123.2,123.67 1 0
github.com/ordo/creators-os/internal/service/idea_service.go:123.67,126.3 2 0
github.com/ordo/creators-os/internal/service/idea_service.go:128.2,128.86 1 0
github.com/ordo/creators-os/internal/service/idea_service.go:128.86,130.3 1 0
github.com/ordo/creators-os/internal/service/idea_service.go:132.2,132.12 1 0
github.com/ordo/creators-os/internal/service/idea_service.go:136.103,137.58 1 0
github.com/ordo/creators-os/internal/service/idea_service.go:137.58,139.3 1 0
github.com/ordo/creators-os/internal/service/idea_service.go:141.2,142.16 2 0
github.com/ordo/creators-os/internal/service/idea_service.go:142.16,144.3 1 0
github.com/ordo/creators-os/internal/service/idea_service.go:145.2,145.18 1 0
github.com/ordo/creators-os/internal/service/idea_service.go:149.95,151.16 2 0
github.com/ordo/creators-os/internal/service/idea_service.go:151.16,153.3 1 0
github.com/ordo/creators-os/internal/service/idea_service.go:155.2,164.32 2 0
github.com/ordo/creators-os/internal/service/idea_service.go:164.32,166.3 1 0
github.com/ordo/creators-os/internal/service/idea_service.go:168.2,169.16 2 0
github.com/ordo/creators-os/internal/service/idea_service.go:169.16,171.3 1 0
github.com/ordo/creators-os/internal/service/idea_service.go:173.2,173.68 1 0
github.com/ordo/creators-os/internal/service/idea_service.go:173.68,175.3 1 0
github.com/ordo/creators-os/internal/service/idea_service.go:177.2,177.21 1 0
github.com/ordo/creators-os/internal/service/publishing_service.go:23.119,24.19 1 0
github.com/ordo/creators-os/internal/service/publishing_service.go:24.19,26.3 1 0
github.com/ordo/creators-os/internal/service/publishing_service.go:27.2,27.71 1 0
github.com/ordo/creators-os/internal/service/publishing_service.go:37.39,38.46 1 0
github.com/ordo/creators-os/internal/service/publishing_service.go:38.46,40.3 1 0
github.com/ordo/creators-os/internal/service/publishing_service.go:42.2,43.16 2 0
github.com/ordo/creators-os/internal/service/publishing_service.go:43.16,45.3 1 0
github.com/ordo/creators-os/internal/service/publishing_service.go:47.2,55.48 2 0
github.com/ordo/creators-os/internal/service/publishing_service.go:55.48,57.17 2 0
github.com/ordo/creators-os/internal/service/publishing_service.go:57.17,59.4 1 0
github.com/ordo/creators-os/internal/service/publishing_service.go:60.3,60.43 1 0
github.com/ordo/creators-os/internal/service/publishing_service.go:63.2,63.41 1 0
github.com/ordo/creators-os/internal/service/publishing_service.go:70.55,72.16 2 0
github.com/ordo/creators-os/internal/service/publishing_service.go:72.16,74.3 1 0
github.com/ordo/creators-os/internal/service/publishing_service.go:76.2,77.16 2 0
github.com/ordo/creators-os/internal/service/publishing_service.go:77.16,79.3 1 0
github.com/ordo/creators-os/internal/service/publishing_service.go:81.2,82.39 2 0
github.com/ordo/creators-os/internal/service/publishing_service.go:82.39,84.17 2 0
github.com/ordo/creators-os/internal/service/publishing_service.go:84.17,86.4 1 0
github.com/ordo/creators-os/internal/service/publishing_service.go:89.2,89.45 1 0
github.com/ordo/creators-os/internal/service/publishing_service.go:92.127,94.2 1 0
github.com/ordo/creators-os/internal/service/publishing_service.go:96.87,98.2 1 0
github.com/ordo/creators-os/internal/service/publishing_service.go:105.34,106.36 1 0
github.com/ordo/creators-os/internal/service/publishing_service.go:106.36,108.3 1 0
github.com/ordo/creators-os/internal/service/publishing_service.go:110.2,117.46 2 0
github.com/ordo/creators-os/internal/service/publishing_service.go:120.138,122.2 1 0
github.com/ordo/creators-os/internal/service/publishing_service.go:124.90,126.16 2 0
github.com/ordo/creators-os/internal/service/publishing_service.go:126.16,128.3 1 0
github.com/ordo/creators-os/internal/service/publishing_service.go:129.2,129.30 1 0
github.com/ordo/creators-os/internal/service/publishing_service.go:129.30,131.3 1 0
github.com/ordo/creators-os/internal/service/publishing_service.go:132.2,133.65 2 0
github.com/ordo/creators-os/internal/service/publishing_service.go:136.92,139.2 1 0
github.com/ordo/creators-os/internal/service/remix_service.go:29.16,30.19 1 0
github.com/ordo/creators-os/internal/service/remix_service.go:30.19,32.3 1 0
github.com/ordo/creators-os/internal/service/remix_service.go:33.2,38.3 1 0
github.com/ordo/creators-os/internal/service/remix_service.go:42.134,52.16 3 0
github.com/ordo/creators-os/internal/service/remix_service.go:52.16,54.3 1 0
github.com/ordo/creators-os/internal/service/remix_service.go:56.2,62.16 2 0
github.com/ordo/creators-os/internal/service/remix_service.go:62.16,64.3 1 0
github.com/ordo/creators-os/internal/service/remix_service.go:66.2,66.67 1 0
github.com/ordo/creators-os/internal/service/remix_service.go:66.67,71.3 1 0
github.com/ordo/creators-os/internal/service/remix_service.go:73.2,73.21 1 0
github.com/ordo/creators-os/internal/service/remix_service.go:77.101,79.16 2 0
github.com/ordo/creators-os/internal/service/remix_service.go:79.16,81.3 1 0
github.com/ordo/creators-os/internal/service/remix_service.go:82.2,82.17 1 0
github.com/ordo/creators-os/internal/service/remix_service.go:87.100,89.16 2 0
github.com/ordo/creators-os/internal/service/remix_service.go:89.16,91.3 1 0
github.com/ordo/creators-os/internal/service/remix_service.go:93.2,93.30 1 0
github.com/ordo/creators-os/internal/service/remix_service.go:93.30,95.3 1 0
github.com/ordo/creators-os/internal/service/remix_service.go:97.2,97.25 1 0
github.com/ordo/creators-os/internal/service/remix_service.go:101.120,103.16 2 0
github.com/ordo/creators-os/internal/service/remix_service.go:103.16,105.3 1 0
github.com/ordo/creators-os/internal/service/remix_service.go:107.2,107.30 1 0
github.com/ordo/creators-os/internal/service/remix_service.go:107.30,109.3 1 0
github.com/ordo/creators-os/internal/service/remix_service.go:112.2,113.9 2 0
github.com/ordo/creators-os/internal/service/remix_service.go:113.9,115.3 1 0
github.com/ordo/creators-os/internal/service/remix_service.go:118.2,119.29 2 0
github.com/ordo/creators-os/internal/service/remix_service.go:119.29,121.3 1 0
github.com/ordo/creators-os/internal/service/remix_service.go:123.2,124.26 2 0
github.com/ordo/creators-os/internal/service/remix_service.go:124.26,126.10 2 0
github.com/ordo/creators-os/internal/service/remix_service.go:126.10,127.12 1 0
github.com/ordo/creators-os/internal/service/remix_service.go:129.3,130.45 2 0
github.com/ordo/creators-os/internal/service/remix_service.go:130.45,131.12 1 0
github.com/ordo/creators-os/internal/service/remix_service.go:134.3,135.18 2 0
github.com/ordo/creators-os/internal/service/remix_service.go:135.18,137.4 1 0
github.com/ordo/creators-os/internal/service/remix_service.go:138.3,148.17 3 0
github.com/ordo/creators-os/internal/service/remix_service.go:148.17,150.4 1 0
github.com/ordo/creators-os/internal/service/remix_service.go:152.3,153.17 2 0
github.com/ordo/creators-os/internal/service/remix_service.go:153.17,158.12 2 0
github.com/ordo/creators-os/internal/service/remix_service.go:160.3,160.35 1 0
github.com/ordo/creators-os/internal/service/remix_service.go:163.2,163.21 1 0
github.com/ordo/creators-os/internal/service/search_service.go:17.72,19.2 1 0
github.com/ordo/creators-os/internal/service/search_service.go:22.174,24.2 1 0
github.com/ordo/creators-os/internal/service/series_service.go:23.17,24.19 1 0
github.com/ordo/creators-os/internal/service/series_service.go:24.19,26.3 1 0
github.com/ordo/creators-os/internal/service/series_service.go:27.2,30.3 1 0
github.com/ordo/creators-os/internal/service/series_service.go:34.177,45.16 3 0
github.com/ordo/creators-os/internal/service/series_service.go:45.16,47.3 1 0
github.com/ordo/creators-os/internal/service/series_service.go:48.2,48.21 1 0
github.com/ordo/creators-os/internal/service/series_service.go:52.92,54.16 2 0
github.com/ordo/creators-os/internal/service/series_service.go:54.16,56.3 1 0
github.com/ordo/creators-os/internal/service/series_service.go:57.2,57.20 1 0
github.com/ordo/creators-os/internal/service/series_service.go:61.119,63.16 2 0
github.com/ordo/creators-os/internal/service/series_service.go:63.16,65.3 1 0
github.com/ordo/creators-os/internal/service/series_service.go:66.2,66.20 1 0
github.com/ordo/creators-os/internal/service/series_service.go:70.158,72.16 2 0
github.com/ordo/creators-os/internal/service/series_service.go:72.16,74.3 1 0
github.com/ordo/creators-os/internal/service/series_service.go:76.2,76.18 1 0
github.com/ordo/creators-os/internal/service/series_service.go:76.18,78.3 1 0
github.com/ordo/creators-os/internal/service/series_service.go:79.2,79.24 1 0
github.com/ordo/creators-os/internal/service/series_service.go:79.24,81.3 1 0
github.com/ordo/creators-os/internal/service/series_service.go:82.2,82.21 1 0
github.com/ordo/creators-os/internal/service/series_service.go:82.21,84.3 1 0
github.com/ordo/creators-os/internal/service/series_service.go:86.2,87.16 2 0
github.com/ordo/creators-os/internal/service/series_service.go:87.16,89.3 1 0
github.com/ordo/creators-os/internal/service/series_service.go:90.2,90.21 1 0
github.com/ordo/creators-os/internal/service/series_service.go:94.73,95.57 1 0
github.com/ordo/creators-os/internal/service/series_service.go:95.57,97.3 1 0
github.com/ordo/creators-os/internal/service/series_service.go:98.2,98.12 1 0
github.com/ordo/creators-os/internal/service/series_service.go:102.163,112.16 3 0
github.com/ordo/creators-os/internal/service/series_service.go:112.16,114.3 1 0
github.com/ordo/creators-os/internal/service/series_service.go:115.2,115.21 1 0
github.com/ordo/creators-os/internal/service/series_service.go:119.172,121.16 2 0
github.com/ordo/creators-os/internal/service/series_service.go:121.16,123.3 1 0
github.com/ordo/creators-os/internal/service/series_service.go:125.2,125.18 1 0
github.com/ordo/creators-os/internal/service/series_service.go:125.18,127.3 1 0
github.com/ordo/creators-os/internal/service/series_service.go:128.2,128.19 1 0
github.com/ordo/creators-os/internal/service/series_service.go:128.19,130.3 1 0
github.com/ordo/creators-os/internal/service/series_service.go:131.2,131.22 1 0
github.com/ordo/creators-os/internal/service/series_service.go:131.22,133.3 1 0
github.com/ordo/creators-os/internal/service/series_service.go:135.2,136.16 2 0
github.com/ordo/creators-os/internal/service/series_service.go:136.16,138.3 1 0
github.com/ordo/creators-os/internal/service/series_service.go:139.2,139.21 1 0
github.com/ordo/creators-os/internal/service/series_service.go:143.80,144.60 1 0
github.com/ordo/creators-os/internal/service/series_service.go:144.60,146.3 1 0
github.com/ordo/creators-os/internal/service/series_service.go:147.2,147.12 1 0
github.com/ordo/creators-os/internal/service/series_service.go:151.146,153.16 2 0
github.com/ordo/creators-os/internal/service/series_service.go:153.16,155.3 1 0
github.com/ordo/creators-os/internal/service/series_service.go:156.2,156.20 1 0
github.com/ordo/creators-os/internal/service/sponsorship_service.go:19.107,20.19 1 0
github.com/ordo/creators-os/internal/service/sponsorship_service.go:20.19,22.3 1 0
github.com/ordo/creators-os/internal/service/sponsorship_service.go:23.2,23.56 1 0
github.com/ordo/creators-os/internal/service/sponsorship_service.go:26.134,28.21 2 0
github.com/ordo/creators-os/internal/service/sponsorship_service.go:28.21,30.3 1 0
github.com/ordo/creators-os/internal/service/sponsorship_service.go:31.2,31.23 1 0
github.com/ordo/creators-os/internal/service/sponsorship_service.go:31.23,33.3 1 0
github.com/ordo/creators-os/internal/service/sponsorship_service.go:34.2,34.24 1 0
github.com/ordo/creators-os/internal/service/sponsorship_service.go:34.24,36.3 1 0
github.com/ordo/creators-os/internal/service/sponsorship_service.go:37.2,38.16 2 0
github.com/ordo/creators-os/internal/service/sponsorship_service.go:38.16,40.3 1 0
github.com/ordo/creators-os/internal/service/sponsorship_service.go:41.2,41.21 1 0
github.com/ordo/creators-os/internal/service/sponsorship_service.go:44.102,46.16 2 0
github.com/ordo/creators-os/internal/service/sponsorship_service.go:46.16,48.3 1 0
github.com/ordo/creators-os/internal/service/sponsorship_service.go:49.2,49.16 1 0
github.com/ordo/creators-os/internal/service/sponsorship_service.go:52.143,54.2 1 0
github.com/ordo/creators-os/internal/service/sponsorship_service.go:56.111,58.16 2 0
github.com/ordo/creators-os/internal/service/sponsorship_service.go:58.16,60.3 1 0
github.com/ordo/creators-os/internal/service/sponsorship_service.go:62.2,64.16 3 0
github.com/ordo/creators-os/internal/service/sponsorship_service.go:64.16,66.3 1 0
github.com/ordo/creators-os/internal/service/sponsorship_service.go:67.2,67.21 1 0
github.com/ordo/creators-os/internal/service/sponsorship_service.go:70.78,71.51 1 0
github.com/ordo/creators-os/internal/service/sponsorship_service.go:71.51,73.3 1 0
github.com/ordo/creators-os/internal/service/sponsorship_service.go:74.2,74.12 1 0
github.com/ordo/creators-os/internal/service/sponsorship_service.go:77.130,79.66 1 0
github.com/ordo/creators-os/internal/service/sponsorship_service.go:79.66,81.3 1 0
github.com/ordo/creators-os/internal/service/sponsorship_service.go:82.2,83.16 2 0
github.com/ordo/creators-os/internal/service/sponsorship_service.go:83.16,85.3 1 0
github.com/ordo/creators-os/internal/service/sponsorship_service.go:86.2,86.21 1 0
github.com/ordo/creators-os/internal/service/sponsorship_service.go:89.127,91.2 1 0
github.com/ordo/creators-os/internal/service/workspace_service.go:43.20,44.19 1 0
github.com/ordo/creators-os/internal/service/workspace_service.go:44.19,46.3 1 0
github.com/ordo/creators-os/internal/service/workspace_service.go:47.2,53.3 1 0
github.com/ordo/creators-os/internal/service/workspace_service.go:57.55,58.14 1 0
github.com/ordo/creators-os/internal/service/workspace_service.go:59.23,60.31 1 0
github.com/ordo/creators-os/internal/service/workspace_service.go:61.22,62.30 1 0
github.com/ordo/creators-os/internal/service/workspace_service.go:63.29,64.12 1 0
github.com/ordo/creators-os/internal/service/workspace_service.go:66.2,66.30 1 0
github.com/ordo/creators-os/internal/service/workspace_service.go:70.52,71.14 1 0
github.com/ordo/creators-os/internal/service/workspace_service.go:72.23,73.28 1 0
github.com/ordo/creators-os/internal/service/workspace_service.go:74.22,75.27 1 0
github.com/ordo/creators-os/internal/service/workspace_service.go:76.29,77.12 1 0
github.com/ordo/creators-os/internal/service/workspace_service.go:79.2,79.27 1 0
github.com/ordo/creators-os/internal/service/workspace_service.go:83.137,86.16 2 0
github.com/ordo/creators-os/internal/service/workspace_service.go:86.16,88.3 1 0
github.com/ordo/creators-os/internal/service/workspace_service.go:90.2,91.16 2 0
github.com/ordo/creators-os/internal/service/workspace_service.go:91.16,93.17 2 0
github.com/ordo/creators-os/internal/service/workspace_service.go:93.17,95.4 1 0
github.com/ordo/creators-os/internal/service/workspace_service.go:96.3,96.21 1 0
github.com/ordo/creators-os/internal/service/workspace_service.go:96.21,100.4 1 0
github.com/ordo/creators-os/internal/service/workspace_service.go:103.2,104.23 2 0
github.com/ordo/creators-os/internal/service/workspace_service.go:104.23,106.3 1 0
github.com/ordo/creators-os/internal/service/workspace_service.go:108.2,116.16 3 0
github.com/ordo/creators-os/internal/service/workspace_service.go:116.16,118.3 1 0
github.com/ordo/creators-os/internal/service/workspace_service.go:121.2,121.90 1 0
github.com/ordo/creators-os/internal/service/workspace_service.go:121.90,123.3 1 0
github.com/ordo/creators-os/internal/service/workspace_service.go:125.2,125.21 1 0
github.com/ordo/creators-os/internal/service/workspace_service.go:129.103,131.16 2 0
github.com/ordo/creators-os/internal/service/workspace_service.go:131.16,133.3 1 0
github.com/ordo/creators-os/internal/service/workspace_service.go:134.2,134.16 1 0
github.com/ordo/creators-os/internal/service/workspace_service.go:138.111,140.16 2 0
github.com/ordo/creators-os/internal/service/workspace_service.go:140.16,142.3 1 0
github.com/ordo/creators-os/internal/service/workspace_service.go:143.2,143.24 1 0
github.com/ordo/creators-os/internal/service/workspace_service.go:147.133,149.16 2 0
github.com/ordo/creators-os/internal/service/workspace_service.go:149.16,151.3 1 0
github.com/ordo/creators-os/internal/service/workspace_service.go:153.2,153.17 1 0
github.com/ordo/creators-os/internal/service/workspace_service.go:153.17,155.3 1 0
github.com/ordo/creators-os/internal/service/workspace_service.go:156.2,156.24 1 0
github.com/ordo/creators-os/internal/service/workspace_service.go:156.24,158.3 1 0
github.com/ordo/creators-os/internal/service/workspace_service.go:160.2,161.16 2 0
github.com/ordo/creators-os/internal/service/workspace_service.go:161.16,163.3 1 0
github.com/ordo/creators-os/internal/service/workspace_service.go:164.2,164.21 1 0
github.com/ordo/creators-os/internal/service/workspace_service.go:168.108,170.16 2 0
github.com/ordo/creators-os/internal/service/workspace_service.go:170.16,172.3 1 0
github.com/ordo/creators-os/internal/service/workspace_service.go:174.2,174.31 1 0
github.com/ordo/creators-os/internal/service/workspace_service.go:174.31,176.3 1 0
github.com/ordo/creators-os/internal/service/workspace_service.go:178.2,178.53 1 0
github.com/ordo/creators-os/internal/service/workspace_service.go:178.53,180.3 1 0
github.com/ordo/creators-os/internal/service/workspace_service.go:181.2,181.12 1 0
github.com/ordo/creators-os/internal/service/workspace_service.go:185.119,187.16 2 0
github.com/ordo/creators-os/internal/service/workspace_service.go:187.16,189.3 1 0
github.com/ordo/creators-os/internal/service/workspace_service.go:190.2,190.21 1 0
github.com/ordo/creators-os/internal/service/workspace_service.go:194.133,196.16 2 0
github.com/ordo/creators-os/internal/service/workspace_service.go:196.16,198.3 1 0
github.com/ordo/creators-os/internal/service/workspace_service.go:200.2,200.37 1 0
github.com/ordo/creators-os/internal/service/workspace_service.go:200.37,202.3 1 0
github.com/ordo/creators-os/internal/service/workspace_service.go:204.2,204.85 1 0
github.com/ordo/creators-os/internal/service/workspace_service.go:204.85,206.3 1 0
github.com/ordo/creators-os/internal/service/workspace_service.go:207.2,207.12 1 0
github.com/ordo/creators-os/internal/service/workspace_service.go:211.99,213.16 2 0
github.com/ordo/creators-os/internal/service/workspace_service.go:213.16,215.3 1 0
github.com/ordo/creators-os/internal/service/workspace_service.go:217.2,217.37 1 0
github.com/ordo/creators-os/internal/service/workspace_service.go:217.37,219.3 1 0
github.com/ordo/creators-os/internal/service/workspace_service.go:221.2,221.72 1 0
github.com/ordo/creators-os/internal/service/workspace_service.go:221.72,223.3 1 0
github.com/ordo/creators-os/internal/service/workspace_service.go:224.2,224.12 1 0
github.com/ordo/creators-os/internal/service/workspace_service.go:229.174,232.16 2 0
github.com/ordo/creators-os/internal/service/workspace_service.go:232.16,234.3 1 0
github.com/ordo/creators-os/internal/service/workspace_service.go:236.2,237.16 2 0
github.com/ordo/creators-os/internal/service/workspace_service.go:237.16,239.17 2 0
github.com/ordo/creators-os/internal/service/workspace_service.go:239.17,241.4 1 0
github.com/ordo/creators-os/internal/service/workspace_service.go:242.3,242.21 1 0
github.com/ordo/creators-os/internal/service/workspace_service.go:242.21,246.4 1 0
github.com/ordo/creators-os/internal/service/workspace_service.go:249.2,250.16 2 0
github.com/ordo/creators-os/internal/service/workspace_service.go:250.16,252.3 1 0
github.com/ordo/creators-os/internal/service/workspace_service.go:254.2,264.16 3 0
github.com/ordo/creators-os/internal/service/workspace_service.go:264.16,266.3 1 0
github.com/ordo/creators-os/internal/service/workspace_service.go:269.2,270.20 2 0
github.com/ordo/creators-os/internal/service/workspace_service.go:270.20,271.74 1 0
github.com/ordo/creators-os/internal/service/workspace_service.go:271.74,273.4 1 0
github.com/ordo/creators-os/internal/service/workspace_service.go:276.2,276.21 1 0
github.com/ordo/creators-os/internal/service/workspace_service.go:280.104,282.16 2 0
github.com/ordo/creators-os/internal/service/workspace_service.go:282.16,283.41 1 0
github.com/ordo/creators-os/internal/service/workspace_service.go:283.41,285.4 1 0
github.com/ordo/creators-os/internal/service/workspace_service.go:286.3,286.66 1 0
github.com/ordo/creators-os/internal/service/workspace_service.go:289.2,289.27 1 0
github.com/ordo/creators-os/internal/service/workspace_service.go:289.27,291.3 1 0
github.com/ordo/creators-os/internal/service/workspace_service.go:292.2,292.37 1 0
github.com/ordo/creators-os/internal/service/workspace_service.go:292.37,294.3 1 0
github.com/ordo/creators-os/internal/service/workspace_service.go:297.2,297.56 1 0
github.com/ordo/creators-os/internal/service/workspace_service.go:297.56,299.3 1 0
github.com/ordo/creators-os/internal/service/workspace_service.go:302.2,302.86 1 0
github.com/ordo/creators-os/internal/service/workspace_service.go:302.86,304.3 1 0
github.com/ordo/creators-os/internal/service/workspace_service.go:306.2,306.12 1 0
github.com/ordo/creators-os/internal/service/workspace_service.go:310.127,312.16 2 0
github.com/ordo/creators-os/internal/service/workspace_service.go:312.16,314.3 1 0
github.com/ordo/creators-os/internal/service/workspace_service.go:315.2,315.25 1 0
github.com/ordo/creators-os/internal/service/workspace_service.go:319.86,320.50 1 0
github.com/ordo/creators-os/internal/service/workspace_service.go:320.50,322.3 1 0
github.com/ordo/creators-os/internal/service/workspace_service.go:323.2,323.12 1 0
github.com/ordo/creators-os/internal/service/workspace_service.go:327.48,329.40 2 0
github.com/ordo/creators-os/internal/service/workspace_service.go:329.40,331.3 1 0
github.com/ordo/creators-os/internal/service/workspace_service.go:332.2,332.53 1 0
github.com/ordo/creators-os/internal/domain/content.go:37.61,39.9 2 1
github.com/ordo/creators-os/internal/domain/content.go:39.9,41.3 1 1
github.com/ordo/creators-os/internal/domain/content.go:42.2,42.28 1 1
github.com/ordo/creators-os/internal/domain/content.go:42.28,43.14 1 1
github.com/ordo/creators-os/internal/domain/content.go:43.14,45.4 1 1
github.com/ordo/creators-os/internal/domain/content.go:47.2,47.66 1 1
github.com/ordo/creators-os/internal/domain/errors.go:14.35,16.2 1 0
github.com/ordo/creators-os/internal/domain/errors.go:19.59,21.2 1 1
github.com/ordo/creators-os/internal/domain/workspace.go:21.36,22.11 1 0
github.com/ordo/creators-os/internal/domain/workspace.go:23.17,24.11 1 0
github.com/ordo/creators-os/internal/domain/workspace.go:25.17,26.11 1 0
github.com/ordo/creators-os/internal/domain/workspace.go:27.18,28.11 1 0
github.com/ordo/creators-os/internal/domain/workspace.go:29.18,30.11 1 0
github.com/ordo/creators-os/internal/domain/workspace.go:32.2,32.10 1 0
github.com/ordo/creators-os/internal/crypto/encrypt.go:15.60,16.20 1 1
github.com/ordo/creators-os/internal/crypto/encrypt.go:16.20,18.3 1 1
github.com/ordo/creators-os/internal/crypto/encrypt.go:20.2,21.16 2 1
github.com/ordo/creators-os/internal/crypto/encrypt.go:21.16,23.3 1 0
github.com/ordo/creators-os/internal/crypto/encrypt.go:25.2,26.16 2 1
github.com/ordo/creators-os/internal/crypto/encrypt.go:26.16,28.3 1 0
github.com/ordo/creators-os/internal/crypto/encrypt.go:30.2,31.59 2 1
github.com/ordo/creators-os/internal/crypto/encrypt.go:31.59,33.3 1 0
github.com/ordo/creators-os/internal/crypto/encrypt.go:35.2,36.59 2 1
github.com/ordo/creators-os/internal/crypto/encrypt.go:41.61,42.20 1 1
github.com/ordo/creators-os/internal/crypto/encrypt.go:42.20,44.3 1 1
github.com/ordo/creators-os/internal/crypto/encrypt.go:46.2,47.16 2 1
github.com/ordo/creators-os/internal/crypto/encrypt.go:47.16,49.3 1 0
github.com/ordo/creators-os/internal/crypto/encrypt.go:51.2,52.16 2 1
github.com/ordo/creators-os/internal/crypto/encrypt.go:52.16,54.3 1 0
github.com/ordo/creators-os/internal/crypto/encrypt.go:56.2,57.16 2 1
github.com/ordo/creators-os/internal/crypto/encrypt.go:57.16,59.3 1 0
github.com/ordo/creators-os/internal/crypto/encrypt.go:61.2,62.27 2 1
github.com/ordo/creators-os/internal/crypto/encrypt.go:62.27,64.3 1 0
github.com/ordo/creators-os/internal/crypto/encrypt.go:66.2,68.16 3 1
github.com/ordo/creators-os/internal/crypto/encrypt.go:68.16,70.3 1 1
github.com/ordo/creators-os/internal/crypto/encrypt.go:72.2,72.31 1 1
github.com/ordo/creators-os/internal/ai/claude.go:33.57,34.17 1 0
github.com/ordo/creators-os/internal/ai/claude.go:34.17,36.3 1 0
github.com/ordo/creators-os/internal/ai/claude.go:37.2,44.3 1 0
github.com/ordo/creators-os/internal/ai/claude.go:48.40,48.59 1 0
github.com/ordo/creators-os/internal/ai/claude.go:51.61,53.2 1 1
github.com/ordo/creators-os/internal/ai/claude.go:101.108,103.17 2 1
github.com/ordo/creators-os/internal/ai/claude.go:103.17,105.3 1 1
github.com/ordo/creators-os/internal/ai/claude.go:107.2,108.33 2 1
github.com/ordo/creators-os/internal/ai/claude.go:108.33,110.3 1 1
github.com/ordo/creators-os/internal/ai/claude.go:112.2,120.16 3 1
github.com/ordo/creators-os/internal/ai/claude.go:120.16,122.3 1 0
github.com/ordo/creators-os/internal/ai/claude.go:124.2,125.16 2 1
github.com/ordo/creators-os/internal/ai/claude.go:125.16,127.3 1 0
github.com/ordo/creators-os/internal/ai/claude.go:128.2,131.16 3 1
github.com/ordo/creators-os/internal/ai/claude.go:131.16,133.3 1 0
github.com/ordo/creators-os/internal/ai/claude.go:134.2,136.44 2 1
github.com/ordo/creators-os/internal/ai/claude.go:136.44,138.3 1 1
github.com/ordo/creators-os/internal/ai/claude.go:140.2,141.63 2 1
github.com/ordo/creators-os/internal/ai/claude.go:141.63,143.3 1 0
github.com/ordo/creators-os/internal/ai/claude.go:145.2,146.35 2 1
github.com/ordo/creators-os/internal/ai/claude.go:146.35,147.27 1 1
github.com/ordo/creators-os/internal/ai/claude.go:147.27,149.4 1 1
github.com/ordo/creators-os/internal/ai/claude.go:152.2,157.8 1 1
github.com/ordo/creators-os/internal/ai/claude.go:161.96,163.17 2 1
github.com/ordo/creators-os/internal/ai/claude.go:163.17,165.3 1 1
github.com/ordo/creators-os/internal/ai/claude.go:167.2,168.33 2 1
github.com/ordo/creators-os/internal/ai/claude.go:168.33,170.3 1 1
github.com/ordo/creators-os/internal/ai/claude.go:172.2,181.16 3 1
github.com/ordo/creators-os/internal/ai/claude.go:181.16,183.3 1 0
github.com/ordo/creators-os/internal/ai/claude.go:185.2,186.16 2 1
github.com/ordo/creators-os/internal/ai/claude.go:186.16,188.3 1 0
github.com/ordo/creators-os/internal/ai/claude.go:189.2,192.16 3 1
github.com/ordo/creators-os/internal/ai/claude.go:192.16,194.3 1 0
github.com/ordo/creators-os/internal/ai/claude.go:195.2,197.44 2 1
github.com/ordo/creators-os/internal/ai/claude.go:197.44,199.3 1 0
github.com/ordo/creators-os/internal/ai/claude.go:202.2,203.21 2 1
github.com/ordo/creators-os/internal/ai/claude.go:203.21,205.40 2 1
github.com/ordo/creators-os/internal/ai/claude.go:205.40,206.12 1 1
github.com/ordo/creators-os/internal/ai/claude.go:208.3,209.24 2 1
github.com/ordo/creators-os/internal/ai/claude.go:209.24,210.9 1 0
github.com/ordo/creators-os/internal/ai/claude.go:214.3,221.63 2 1
github.com/ordo/creators-os/internal/ai/claude.go:221.63,222.12 1 0
github.com/ordo/creators-os/internal/ai/claude.go:225.3,225.100 1 1
github.com/ordo/creators-os/internal/ai/claude.go:225.100,228.37 3 1
github.com/ordo/creators-os/internal/ai/claude.go:228.37,230.5 1 0
github.com/ordo/creators-os/internal/ai/claude.go:234.2,234.38 1 1
github.com/ordo/creators-os/internal/ai/claude.go:234.38,236.3 1 0
github.com/ordo/creators-os/internal/ai/claude.go:238.2,239.35 2 1
github.com/ordo/creators-os/internal/ai/claude.go:239.35,241.3 1 0
github.com/ordo/creators-os/internal/ai/claude.go:243.2,243.12 1 1
github.com/ordo/creators-os/internal/ai/claude.go:247.56,251.2 3 1
github.com/ordo/creators-os/internal/ai/claude.go:254.65,255.53 1 1
github.com/ordo/creators-os/internal/ai/claude.go:255.53,257.3 1 1
github.com/ordo/creators-os/internal/ai/claude.go:258.2,258.51 1 1
github.com/ordo/creators-os/internal/ai/claude.go:258.51,260.3 1 1
github.com/ordo/creators-os/internal/ai/claude.go:261.2,261.28 1 0
github.com/ordo/creators-os/internal/ai/claude.go:261.28,263.3 1 0
github.com/ordo/creators-os/internal/ai/claude.go:265.2,267.86 3 0
github.com/ordo/creators-os/internal/ai/claude.go:267.86,269.3 1 0
github.com/ordo/creators-os/internal/ai/claude.go:270.2,270.60 1 0
github.com/ordo/creators-os/internal/ai/openai.go:30.57,31.17 1 0
github.com/ordo/creators-os/internal/ai/openai.go:31.17,33.3 1 0
github.com/ordo/creators-os/internal/ai/openai.go:34.2,40.3 1 0
github.com/ordo/creators-os/internal/ai/openai.go:44.40,44.59 1 1
github.com/ordo/creators-os/internal/ai/openai.go:47.61,49.2 1 0
github.com/ordo/creators-os/internal/ai/openai.go:111.108,113.17 2 1
github.com/ordo/creators-os/internal/ai/openai.go:113.17,115.3 1 1
github.com/ordo/creators-os/internal/ai/openai.go:117.2,118.28 2 1
github.com/ordo/creators-os/internal/ai/openai.go:118.28,120.3 1 0
github.com/ordo/creators-os/internal/ai/openai.go:121.2,121.33 1 1
github.com/ordo/creators-os/internal/ai/openai.go:121.33,123.3 1 1
github.com/ordo/creators-os/internal/ai/openai.go:125.2,132.16 3 1
github.com/ordo/creators-os/internal/ai/openai.go:132.16,134.3 1 0
github.com/ordo/creators-os/internal/ai/openai.go:136.2,137.16 2 1
github.com/ordo/creators-os/internal/ai/openai.go:137.16,139.3 1 0
github.com/ordo/creators-os/internal/ai/openai.go:140.2,143.16 3 1
github.com/ordo/creators-os/internal/ai/openai.go:143.16,145.3 1 0
github.com/ordo/creators-os/internal/ai/openai.go:146.2,148.44 2 1
github.com/ordo/creators-os/internal/ai/openai.go:148.44,150.3 1 1
github.com/ordo/creators-os/internal/ai/openai.go:152.2,153.63 2 1
github.com/ordo/creators-os/internal/ai/openai.go:153.63,155.3 1 0
github.com/ordo/creators-os/internal/ai/openai.go:157.2,158.25 2 1
github.com/ordo/creators-os/internal/ai/openai.go:158.25,160.3 1 1
github.com/ordo/creators-os/internal/ai/openai.go:162.2,167.8 1 1
github.com/ordo/creators-os/internal/ai/openai.go:171.96,173.17 2 1
github.com/ordo/creators-os/internal/ai/openai.go:173.17,175.3 1 1
github.com/ordo/creators-os/internal/ai/openai.go:177.2,178.28 2 1
github.com/ordo/creators-os/internal/ai/openai.go:178.28,180.3 1 0
github.com/ordo/creators-os/internal/ai/openai.go:181.2,181.33 1 1
github.com/ordo/creators-os/internal/ai/openai.go:181.33,183.3 1 1
github.com/ordo/creators-os/internal/ai/openai.go:185.2,193.16 3 1
github.com/ordo/creators-os/internal/ai/openai.go:193.16,195.3 1 0
github.com/ordo/creators-os/internal/ai/openai.go:197.2,198.16 2 1
github.com/ordo/creators-os/internal/ai/openai.go:198.16,200.3 1 0
github.com/ordo/creators-os/internal/ai/openai.go:201.2,204.16 3 1
github.com/ordo/creators-os/internal/ai/openai.go:204.16,206.3 1 0
github.com/ordo/creators-os/internal/ai/openai.go:207.2,209.44 2 1
github.com/ordo/creators-os/internal/ai/openai.go:209.44,211.3 1 0
github.com/ordo/creators-os/internal/ai/openai.go:213.2,214.21 2 1
github.com/ordo/creators-os/internal/ai/openai.go:214.21,216.40 2 1
github.com/ordo/creators-os/internal/ai/openai.go:216.40,217.12 1 1
github.com/ordo/creators-os/internal/ai/openai.go:219.3,220.24 2 1
github.com/ordo/creators-os/internal/ai/openai.go:220.24,221.9 1 1
github.com/ordo/creators-os/internal/ai/openai.go:224.3,225.60 2 1
github.com/ordo/creators-os/internal/ai/openai.go:225.60,226.12 1 0
github.com/ordo/creators-os/internal/ai/openai.go:229.3,229.37 1 1
github.com/ordo/creators-os/internal/ai/openai.go:229.37,230.34 1 1
github.com/ordo/creators-os/internal/ai/openai.go:230.34,233.38 3 1
github.com/ordo/creators-os/internal/ai/openai.go:233.38,235.6 1 0
github.com/ordo/creators-os/internal/ai/openai.go:240.2,240.38 1 1
github.com/ordo/creators-os/internal/ai/openai.go:240.38,242.3 1 0
github.com/ordo/creators-os/internal/ai/openai.go:244.2,245.35 2 1
github.com/ordo/creators-os/internal/ai/openai.go:245.35,247.3 1 0
github.com/ordo/creators-os/internal/ai/openai.go:249.2,249.12 1 1
github.com/ordo/creators-os/internal/ai/openai.go:253.56,256.2 2 1
github.com/ordo/creators-os/internal/ai/openai.go:259.65,260.53 1 1
github.com/ordo/creators-os/internal/ai/openai.go:260.53,262.3 1 1
github.com/ordo/creators-os/internal/ai/openai.go:263.2,263.51 1 1
github.com/ordo/creators-os/internal/ai/openai.go:263.51,265.3 1 1
github.com/ordo/creators-os/internal/ai/openai.go:266.2,266.28 1 0
github.com/ordo/creators-os/internal/ai/openai.go:266.28,268.3 1 0
github.com/ordo/creators-os/internal/ai/openai.go:270.2,272.86 3 0
github.com/ordo/creators-os/internal/ai/openai.go:272.86,274.3 1 0
github.com/ordo/creators-os/internal/ai/openai.go:275.2,275.60 1 0
github.com/ordo/creators-os/internal/ai/router.go:32.54,40.2 1 1
github.com/ordo/creators-os/internal/ai/router.go:43.32,46.22 3 1
github.com/ordo/creators-os/internal/ai/router.go:46.22,48.3 1 1
github.com/ordo/creators-os/internal/ai/router.go:49.2,49.23 1 1
github.com/ordo/creators-os/internal/ai/router.go:49.23,51.3 1 1
github.com/ordo/creators-os/internal/ai/router.go:52.2,52.63 1 1
github.com/ordo/creators-os/internal/ai/router.go:56.53,57.22 1 0
github.com/ordo/creators-os/internal/ai/router.go:57.22,59.3 1 0
github.com/ordo/creators-os/internal/ai/router.go:60.2,60.23 1 0
github.com/ordo/creators-os/internal/ai/router.go:60.23,62.3 1 0
github.com/ordo/creators-os/internal/ai/router.go:63.2,63.25 1 0
github.com/ordo/creators-os/internal/ai/router.go:68.100,69.27 1 1
github.com/ordo/creators-os/internal/ai/router.go:69.27,71.3 1 1
github.com/ordo/creators-os/internal/ai/router.go:73.2,74.16 2 1
github.com/ordo/creators-os/internal/ai/router.go:74.16,75.31 1 1
github.com/ordo/creators-os/internal/ai/router.go:75.31,78.4 2 1
github.com/ordo/creators-os/internal/ai/router.go:79.3,79.18 1 0
github.com/ordo/creators-os/internal/ai/router.go:81.2,82.18 2 1
github.com/ordo/creators-os/internal/ai/router.go:86.88,87.27 1 0
github.com/ordo/creators-os/internal/ai/router.go:87.27,89.3 1 0
github.com/ordo/creators-os/internal/ai/router.go:91.2,92.16 2 0
github.com/ordo/creators-os/internal/ai/router.go:92.16,93.31 1 0
github.com/ordo/creators-os/internal/ai/router.go:93.31,96.4 2 0
github.com/ordo/creators-os/internal/ai/router.go:97.3,97.13 1 0
github.com/ordo/creators-os/internal/ai/router.go:99.2,100.12 2 0
github.com/ordo/creators-os/internal/ai/router.go:104.43,108.16 3 1
github.com/ordo/creators-os/internal/ai/router.go:108.16,110.3 1 1
github.com/ordo/creators-os/internal/ai/router.go:112.2,112.44 1 1
github.com/ordo/creators-os/internal/ai/router.go:112.44,116.3 3 1
github.com/ordo/creators-os/internal/ai/router.go:117.2,117.13 1 1
github.com/ordo/creators-os/internal/ai/router.go:122.34,128.43 4 1
github.com/ordo/creators-os/internal/ai/router.go:128.43,130.3 1 1
github.com/ordo/creators-os/internal/ai/router.go:131.2,133.33 3 1
github.com/ordo/creators-os/internal/ai/router.go:133.33,135.3 1 1
github.com/ordo/creators-os/internal/ai/router.go:139.34,143.2 3 1
github.com/ordo/creators-os/internal/ai/router.go:146.52,148.2 1 1
github.com/ordo/creators-os/internal/ai/router.go:150.108,151.23 1 1
github.com/ordo/creators-os/internal/ai/router.go:151.23,153.3 1 0
github.com/ordo/creators-os/internal/ai/router.go:154.2,154.38 1 1
github.com/ordo/creators-os/internal/ai/router.go:157.96,158.23 1 0
github.com/ordo/creators-os/internal/ai/router.go:158.23,160.3 1 0
github.com/ordo/creators-os/internal/ai/router.go:161.2,161.39 1 0
github.com/ordo/creators-os/internal/config/config.go:109.30,123.34 7 1
github.com/ordo/creators-os/internal/config/config.go:123.34,124.45 1 1
github.com/ordo/creators-os/internal/config/config.go:124.45,126.4 1 0
github.com/ordo/creators-os/internal/config/config.go:130.2,142.42 12 1
github.com/ordo/creators-os/internal/config/config.go:142.42,144.3 1 0
github.com/ordo/creators-os/internal/config/config.go:147.2,147.95 1 1
github.com/ordo/creators-os/internal/config/config.go:147.95,149.3 1 0
github.com/ordo/creators-os/internal/config/config.go:151.2,151.36 1 1
github.com/ordo/creators-os/internal/config/config.go:151.36,153.3 1 1
github.com/ordo/creators-os/internal/config/config.go:155.2,155.18 1 1
github.com/ordo/creators-os/internal/config/config.go:159.37,161.37 2 1
github.com/ordo/creators-os/internal/config/config.go:161.37,162.29 1 1
github.com/ordo/creators-os/internal/config/config.go:162.29,164.4 1 1
github.com/ordo/creators-os/internal/config/config.go:166.2,166.22 1 1
github.com/ordo/creators-os/internal/config/config.go:166.22,168.3 1 1
github.com/ordo/creators-os/internal/config/config.go:169.2,169.12 1 1
github.com/ordo/creators-os/internal/config/config.go:173.39,175.2 1 1
github.com/ordo/creators-os/internal/config/config.go:178.38,180.2 1 1
github.com/ordo/creators-os/internal/middleware/auth.go:23.80,24.46 1 1
github.com/ordo/creators-os/internal/middleware/auth.go:24.46,25.72 1 1
github.com/ordo/creators-os/internal/middleware/auth.go:25.72,27.69 2 1
github.com/ordo/creators-os/internal/middleware/auth.go:27.69,30.5 2 1
github.com/ordo/creators-os/internal/middleware/auth.go:32.4,34.18 3 1
github.com/ordo/creators-os/internal/middleware/auth.go:34.18,37.5 2 1
github.com/ordo/creators-os/internal/middleware/auth.go:39.4,40.41 2 1
github.com/ordo/creators-os/internal/middleware/auth.go:47.76,50.2 2 1
github.com/ordo/creators-os/internal/middleware/auth.go:54.85,56.2 1 1
github.com/ordo/creators-os/internal/middleware/auth.go:59.55,61.29 2 1
github.com/ordo/creators-os/internal/middleware/auth.go:61.29,67.3 4 1
github.com/ordo/creators-os/internal/middleware/auth.go:68.2,70.72 3 0
github.com/ordo/creators-os/internal/middleware/credit_check.go:24.89,25.46 1 0
github.com/ordo/creators-os/internal/middleware/credit_check.go:25.46,26.72 1 0
github.com/ordo/creators-os/internal/middleware/credit_check.go:26.72,28.11 2 0
github.com/ordo/creators-os/internal/middleware/credit_check.go:28.11,32.5 2 0
github.com/ordo/creators-os/internal/middleware/credit_check.go:34.4,36.15 3 0
github.com/ordo/creators-os/internal/middleware/credit_check.go:36.15,38.5 1 0
github.com/ordo/creators-os/internal/middleware/credit_check.go:40.4,56.44 11 0
github.com/ordo/creators-os/internal/middleware/credit_check.go:56.44,60.5 2 0
github.com/ordo/creators-os/internal/middleware/credit_check.go:62.4,64.21 3 0
github.com/ordo/creators-os/internal/middleware/credit_check.go:64.21,66.5 1 0
github.com/ordo/creators-os/internal/middleware/credit_check.go:68.4,68.28 1 0
github.com/ordo/creators-os/internal/middleware/credit_check.go:68.28,74.5 5 0
github.com/ordo/creators-os/internal/middleware/credit_check.go:76.4,77.24 2 0
github.com/ordo/creators-os/internal/middleware/metrics.go:19.56,20.71 1 0
github.com/ordo/creators-os/internal/middleware/metrics.go:20.71,33.25 7 0
github.com/ordo/creators-os/internal/middleware/metrics.go:33.25,35.4 1 0
github.com/ordo/creators-os/internal/middleware/metrics.go:37.3,42.13 4 0
github.com/ordo/creators-os/internal/middleware/ratelimit.go:41.129,44.46 2 0
github.com/ordo/creators-os/internal/middleware/ratelimit.go:44.46,45.72 1 0
github.com/ordo/creators-os/internal/middleware/ratelimit.go:45.72,47.11 2 0
github.com/ordo/creators-os/internal/middleware/ratelimit.go:47.11,51.5 2 0
github.com/ordo/creators-os/internal/middleware/ratelimit.go:53.4,67.18 7 0
github.com/ordo/creators-os/internal/middleware/ratelimit.go:67.18,71.5 2 0
github.com/ordo/creators-os/internal/middleware/ratelimit.go:73.4,74.21 2 0
github.com/ordo/creators-os/internal/middleware/ratelimit.go:74.21,76.5 1 0
github.com/ordo/creators-os/internal/middleware/ratelimit.go:78.4,81.28 3 0
github.com/ordo/creators-os/internal/middleware/ratelimit.go:81.28,88.5 6 0
github.com/ordo/creators-os/internal/middleware/ratelimit.go:90.4,90.24 1 0
github.com/ordo/creators-os/internal/middleware/ratelimit.go:96.71,97.14 1 0
github.com/ordo/creators-os/internal/middleware/ratelimit.go:98.29,99.27 1 0
github.com/ordo/creators-os/internal/middleware/ratelimit.go:100.22,101.20 1 0
github.com/ordo/creators-os/internal/middleware/ratelimit.go:102.10,103.21 1 0
github.com/ordo/creators-os/internal/middleware/ratelimit.go:114.132,121.42 6 0
github.com/ordo/creators-os/internal/middleware/ratelimit.go:121.42,123.3 1 0
github.com/ordo/creators-os/internal/middleware/ratelimit.go:124.2,124.28 1 0
github.com/ordo/creators-os/internal/middleware/ratelimit.go:131.122,132.46 1 0
github.com/ordo/creators-os/internal/middleware/ratelimit.go:132.46,133.72 1 0
github.com/ordo/creators-os/internal/middleware/ratelimit.go:133.72,135.57 2 0
github.com/ordo/creators-os/internal/middleware/ratelimit.go:135.57,137.5 1 0
github.com/ordo/creators-os/internal/middleware/ratelimit.go:138.4,158.44 12 0
github.com/ordo/creators-os/internal/middleware/ratelimit.go:158.44,162.5 2 0
github.com/ordo/creators-os/internal/middleware/ratelimit.go:164.4,165.28 2 0
github.com/ordo/creators-os/internal/middleware/ratelimit.go:165.28,172.5 6 0
github.com/ordo/creators-os/internal/middleware/ratelimit.go:174.4,174.24 1 0
github.com/ordo/creators-os/internal/middleware/ratelimit.go:181.34,183.21 2 0
github.com/ordo/creators-os/internal/middleware/ratelimit.go:183.21,185.3 1 0
github.com/ordo/creators-os/internal/middleware/ratelimit.go:186.2,186.21 1 0
github.com/ordo/creators-os/internal/middleware/ratelimit.go:186.21,188.3 1 0
github.com/ordo/creators-os/internal/middleware/ratelimit.go:189.2,189.15 1 0
github.com/ordo/creators-os/internal/middleware/requestlog.go:19.49,20.15 1 0
github.com/ordo/creators-os/internal/middleware/requestlog.go:20.15,24.3 3 0
github.com/ordo/creators-os/internal/middleware/requestlog.go:27.56,28.15 1 0
github.com/ordo/creators-os/internal/middleware/requestlog.go:28.15,30.3 1 0
github.com/ordo/creators-os/internal/middleware/requestlog.go:31.2,31.35 1 0
github.com/ordo/creators-os/internal/middleware/requestlog.go:35.56,37.2 1 0
github.com/ordo/creators-os/internal/middleware/requestlog.go:46.52,47.71 1 0
github.com/ordo/creators-os/internal/middleware/requestlog.go:47.71,55.20 4 0
github.com/ordo/creators-os/internal/middleware/requestlog.go:55.20,57.4 1 0
github.com/ordo/creators-os/internal/middleware/requestlog.go:60.3,78.10 6 0
github.com/ordo/creators-os/internal/middleware/requestlog.go:79.25,80.44 1 0
github.com/ordo/creators-os/internal/middleware/requestlog.go:81.25,82.43 1 0
github.com/ordo/creators-os/internal/middleware/requestlog.go:83.11,84.43 1 0
github.com/ordo/creators-os/internal/middleware/security_headers.go:17.69,18.46 1 1
github.com/ordo/creators-os/internal/middleware/security_headers.go:18.46,19.72 1 1
github.com/ordo/creators-os/internal/middleware/security_headers.go:19.72,24.30 5 1
github.com/ordo/creators-os/internal/middleware/security_headers.go:24.30,26.5 1 1
github.com/ordo/creators-os/internal/middleware/security_headers.go:27.4,27.24 1 1
github.com/ordo/creators-os/internal/middleware/workspace.go:23.98,24.46 1 1
github.com/ordo/creators-os/internal/middleware/workspace.go:24.46,25.72 1 1
github.com/ordo/creators-os/internal/middleware/workspace.go:25.72,27.11 2 1
github.com/ordo/creators-os/internal/middleware/workspace.go:27.11,30.5 2 0
github.com/ordo/creators-os/internal/middleware/workspace.go:32.4,34.18 3 1
github.com/ordo/creators-os/internal/middleware/workspace.go:34.18,37.5 2 0
github.com/ordo/creators-os/internal/middleware/workspace.go:39.4,40.18 2 1
github.com/ordo/creators-os/internal/middleware/workspace.go:40.18,44.5 2 1
github.com/ordo/creators-os/internal/middleware/workspace.go:46.4,47.41 2 1
github.com/ordo/creators-os/internal/middleware/workspace.go:56.81,57.46 1 1
github.com/ordo/creators-os/internal/middleware/workspace.go:57.46,58.72 1 1
github.com/ordo/creators-os/internal/middleware/workspace.go:58.72,60.11 2 1
github.com/ordo/creators-os/internal/middleware/workspace.go:60.11,63.5 2 0
github.com/ordo/creators-os/internal/middleware/workspace.go:65.4,67.31 3 1
github.com/ordo/creators-os/internal/middleware/workspace.go:67.31,68.44 1 1
github.com/ordo/creators-os/internal/middleware/workspace.go:68.44,70.11 2 1
github.com/ordo/creators-os/internal/middleware/workspace.go:74.4,74.16 1 1
github.com/ordo/creators-os/internal/middleware/workspace.go:74.16,77.5 2 1
github.com/ordo/creators-os/internal/middleware/workspace.go:79.4,79.24 1 1
github.com/ordo/creators-os/internal/middleware/workspace.go:86.86,89.2 2 1
github.com/ordo/creators-os/internal/middleware/workspace.go:93.95,95.2 1 1
github.com/ordo/creators-os/internal/middleware/workspace.go:98.60,100.9 2 1
github.com/ordo/creators-os/internal/middleware/workspace.go:100.9,102.3 1 0
github.com/ordo/creators-os/internal/middleware/workspace.go:103.2,106.22 4 1
github.com/ordo/creators-os/internal/auth/jwt.go:35.77,37.22 2 1
github.com/ordo/creators-os/internal/auth/jwt.go:37.22,39.3 1 0
github.com/ordo/creators-os/internal/auth/jwt.go:40.2,41.16 2 1
github.com/ordo/creators-os/internal/auth/jwt.go:41.16,44.17 2 0
github.com/ordo/creators-os/internal/auth/jwt.go:44.17,46.4 1 0
github.com/ordo/creators-os/internal/auth/jwt.go:48.2,49.9 2 1
[...]
github.com/ordo/creators-os/internal/repository/user_repository.go:378.2,380.12 3 0
github.com/ordo/creators-os/internal/repository/user_repository.go:383.118,385.15 2 0
github.com/ordo/creators-os/internal/repository/user_repository.go:385.15,387.3 1 0
github.com/ordo/creators-os/internal/repository/user_repository.go:389.2,399.22 3 0
github.com/ordo/creators-os/internal/repository/user_repository.go:410.65,412.2 1 0
github.com/ordo/creators-os/internal/repository/user_repository.go:414.60,426.16 3 0
github.com/ordo/creators-os/internal/repository/user_repository.go:426.16,427.36 1 0
github.com/ordo/creators-os/internal/repository/user_repository.go:427.36,429.4 1 0
github.com/ordo/creators-os/internal/repository/user_repository.go:430.3,430.18 1 0
github.com/ordo/creators-os/internal/repository/user_repository.go:432.2,432.15 1 0
github.com/ordo/creators-os/internal/repository/user_repository.go:435.117,437.15 2 0
github.com/ordo/creators-os/internal/repository/user_repository.go:437.15,439.3 1 0
github.com/ordo/creators-os/internal/repository/user_repository.go:441.2,453.25 3 0
github.com/ordo/creators-os/internal/repository/user_repository.go:456.114,458.15 2 0
github.com/ordo/creators-os/internal/repository/user_repository.go:458.15,460.3 1 0
github.com/ordo/creators-os/internal/repository/user_repository.go:462.2,468.25 3 0
github.com/ordo/creators-os/internal/repository/user_repository.go:471.83,473.15 2 0
github.com/ordo/creators-os/internal/repository/user_repository.go:473.15,475.3 1 0
github.com/ordo/creators-os/internal/repository/user_repository.go:477.2,479.12 3 0
github.com/ordo/creators-os/internal/repository/user_repository.go:482.86,484.15 2 0
github.com/ordo/creators-os/internal/repository/user_repository.go:484.15,486.3 1 0
github.com/ordo/creators-os/internal/repository/user_repository.go:488.2,490.12 3 0
github.com/ordo/creators-os/internal/repository/workspace_repository.go:35.88,37.16 2 0
github.com/ordo/creators-os/internal/repository/workspace_repository.go:37.16,39.3 1 0
github.com/ordo/creators-os/internal/repository/workspace_repository.go:40.2,40.10 1 0
github.com/ordo/creators-os/internal/repository/workspace_repository.go:44.71,46.2 1 0
github.com/ordo/creators-os/internal/repository/workspace_repository.go:53.33,56.22 3 0
github.com/ordo/creators-os/internal/repository/workspace_repository.go:56.22,57.48 1 0
github.com/ordo/creators-os/internal/repository/workspace_repository.go:57.48,59.4 1 0
github.com/ordo/creators-os/internal/repository/workspace_repository.go:59.9,61.4 1 0
github.com/ordo/creators-os/internal/repository/workspace_repository.go:63.2,65.16 3 0
github.com/ordo/creators-os/internal/repository/workspace_repository.go:65.16,67.3 1 0
github.com/ordo/creators-os/internal/repository/workspace_repository.go:68.2,68.13 1 0
github.com/ordo/creators-os/internal/repository/workspace_repository.go:72.28,75.19 3 0
github.com/ordo/creators-os/internal/repository/workspace_repository.go:75.19,77.3 1 0
github.com/ordo/creators-os/internal/repository/workspace_repository.go:78.2,78.18 1 0
github.com/ordo/creators-os/internal/repository/workspace_repository.go:83.60,98.16 4 0
github.com/ordo/creators-os/internal/repository/workspace_repository.go:98.16,99.36 1 0
github.com/ordo/creators-os/internal/repository/workspace_repository.go:99.36,101.4 1 0
github.com/ordo/creators-os/internal/repository/workspace_repository.go:102.3,102.18 1 0
github.com/ordo/creators-os/internal/repository/workspace_repository.go:104.2,104.27 1 0
github.com/ordo/creators-os/internal/repository/workspace_repository.go:104.27,105.67 1 0
github.com/ordo/creators-os/internal/repository/workspace_repository.go:105.67,107.4 1 0
github.com/ordo/creators-os/internal/repository/workspace_repository.go:109.2,109.23 1 0
github.com/ordo/creators-os/internal/repository/workspace_repository.go:109.23,111.3 1 0
github.com/ordo/creators-os/internal/repository/workspace_repository.go:112.2,112.15 1 0
github.com/ordo/creators-os/internal/repository/workspace_repository.go:115.63,126.16 3 0
github.com/ordo/creators-os/internal/repository/workspace_repository.go:126.16,127.36 1 0
github.com/ordo/creators-os/internal/repository/workspace_repository.go:127.36,129.4 1 0
github.com/ordo/creators-os/internal/repository/workspace_repository.go:130.3,130.18 1 0
github.com/ordo/creators-os/internal/repository/workspace_repository.go:132.2,132.15 1 0
github.com/ordo/creators-os/internal/repository/workspace_repository.go:135.69,144.16 3 0
github.com/ordo/creators-os/internal/repository/workspace_repository.go:144.16,145.36 1 0
github.com/ordo/creators-os/internal/repository/workspace_repository.go:145.36,147.4 1 0
github.com/ordo/creators-os/internal/repository/workspace_repository.go:148.3,148.18 1 0
github.com/ordo/creators-os/internal/repository/workspace_repository.go:150.2,150.15 1 0
github.com/ordo/creators-os/internal/repository/workspace_repository.go:153.71,166.16 3 0
github.com/ordo/creators-os/internal/repository/workspace_repository.go:166.16,167.36 1 0
github.com/ordo/creators-os/internal/repository/workspace_repository.go:167.36,169.4 1 0
github.com/ordo/creators-os/internal/repository/workspace_repository.go:170.3,170.18 1 0
github.com/ordo/creators-os/internal/repository/workspace_repository.go:172.2,172.17 1 0
github.com/ordo/creators-os/internal/repository/workspace_repository.go:177.110,179.15 2 0
github.com/ordo/creators-os/internal/repository/workspace_repository.go:179.15,181.3 1 0
github.com/ordo/creators-os/internal/repository/workspace_repository.go:183.2,184.16 2 0
github.com/ordo/creators-os/internal/repository/workspace_repository.go:184.16,186.3 1 0
github.com/ordo/creators-os/internal/repository/workspace_repository.go:188.2,198.44 4 0
github.com/ordo/creators-os/internal/repository/workspace_repository.go:198.44,199.18 1 0
github.com/ordo/creators-os/internal/repository/workspace_repository.go:199.18,201.4 1 0
github.com/ordo/creators-os/internal/repository/workspace_repository.go:202.3,211.21 3 0
github.com/ordo/creators-os/internal/repository/workspace_repository.go:211.21,213.4 1 0
github.com/ordo/creators-os/internal/repository/workspace_repository.go:215.3,215.96 1 0
github.com/ordo/creators-os/internal/repository/workspace_repository.go:215.96,216.19 1 0
github.com/ordo/creators-os/internal/repository/workspace_repository.go:216.19,217.13 1 0
github.com/ordo/creators-os/internal/repository/workspace_repository.go:220.3,220.22 1 0
github.com/ordo/creators-os/internal/repository/workspace_repository.go:222.2,222.100 1 0
github.com/ordo/creators-os/internal/repository/workspace_repository.go:225.103,227.15 2 0
github.com/ordo/creators-os/internal/repository/workspace_repository.go:227.15,229.3 1 0
github.com/ordo/creators-os/internal/repository/workspace_repository.go:231.2,236.27 3 0
github.com/ordo/creators-os/internal/repository/workspace_repository.go:239.104,241.15 2 0
github.com/ordo/creators-os/internal/repository/workspace_repository.go:241.15,243.3 1 0
github.com/ordo/creators-os/internal/repository/workspace_repository.go:245.2,250.27 3 0
github.com/ordo/creators-os/internal/repository/workspace_repository.go:253.114,255.15 2 0
github.com/ordo/creators-os/internal/repository/workspace_repository.go:255.15,257.3 1 0
github.com/ordo/creators-os/internal/repository/workspace_repository.go:259.2,268.16 3 0
github.com/ordo/creators-os/internal/repository/workspace_repository.go:268.16,270.3 1 0
github.com/ordo/creators-os/internal/repository/workspace_repository.go:271.2,274.18 3 0
github.com/ordo/creators-os/internal/repository/workspace_repository.go:274.18,276.17 2 0
github.com/ordo/creators-os/internal/repository/workspace_repository.go:276.17,278.4 1 0
github.com/ordo/creators-os/internal/repository/workspace_repository.go:279.3,279.37 1 0
github.com/ordo/creators-os/internal/repository/workspace_repository.go:281.2,281.31 1 0
github.com/ordo/creators-os/internal/repository/workspace_repository.go:284.110,286.15 2 0
github.com/ordo/creators-os/internal/repository/workspace_repository.go:286.15,288.3 1 0
github.com/ordo/creators-os/internal/repository/workspace_repository.go:290.2,300.27 3 0
github.com/ordo/creators-os/internal/repository/workspace_repository.go:303.85,305.15 2 0
github.com/ordo/creators-os/internal/repository/workspace_repository.go:305.15,307.3 1 0
github.com/ordo/creators-os/internal/repository/workspace_repository.go:309.2,311.12 3 0
github.com/ordo/creators-os/internal/repository/workspace_repository.go:314.128,316.15 2 0
github.com/ordo/creators-os/internal/repository/workspace_repository.go:316.15,318.3 1 0
github.com/ordo/creators-os/internal/repository/workspace_repository.go:320.2,328.24 3 0
github.com/ordo/creators-os/internal/repository/workspace_repository.go:331.124,333.15 2 0
github.com/ordo/creators-os/internal/repository/workspace_repository.go:333.15,335.3 1 0
github.com/ordo/creators-os/internal/repository/workspace_repository.go:338.2,338.20 1 0
github.com/ordo/creators-os/internal/repository/workspace_repository.go:338.20,339.86 1 0
github.com/ordo/creators-os/internal/repository/workspace_repository.go:339.86,341.65 2 0
github.com/ordo/creators-os/internal/repository/workspace_repository.go:341.65,343.5 1 0
github.com/ordo/creators-os/internal/repository/workspace_repository.go:347.2,356.16 3 0
github.com/ordo/creators-os/internal/repository/workspace_repository.go:356.16,358.3 1 0
github.com/ordo/creators-os/internal/repository/workspace_repository.go:359.2,362.18 3 0
github.com/ordo/creators-os/internal/repository/workspace_repository.go:362.18,364.17 2 0
github.com/ordo/creators-os/internal/repository/workspace_repository.go:364.17,366.4 1 0
github.com/ordo/creators-os/internal/repository/workspace_repository.go:367.3,367.31 1 0
github.com/ordo/creators-os/internal/repository/workspace_repository.go:369.2,369.35 1 0
github.com/ordo/creators-os/internal/repository/workspace_repository.go:369.35,371.3 1 0
github.com/ordo/creators-os/internal/repository/workspace_repository.go:374.2,374.20 1 0
github.com/ordo/creators-os/internal/repository/workspace_repository.go:374.20,376.3 1 0
github.com/ordo/creators-os/internal/repository/workspace_repository.go:378.2,378.21 1 0
github.com/ordo/creators-os/internal/repository/workspace_repository.go:381.155,383.15 2 0
github.com/ordo/creators-os/internal/repository/workspace_repository.go:383.15,385.3 1 0
github.com/ordo/creators-os/internal/repository/workspace_repository.go:387.2,394.16 4 0
github.com/ordo/creators-os/internal/repository/workspace_repository.go:394.16,396.3 1 0
github.com/ordo/creators-os/internal/repository/workspace_repository.go:397.2,397.20 1 0
github.com/ordo/creators-os/internal/repository/workspace_repository.go:397.20,399.3 1 0
github.com/ordo/creators-os/internal/repository/workspace_repository.go:400.2,400.20 1 0
github.com/ordo/creators-os/internal/repository/workspace_repository.go:403.135,405.15 2 0
github.com/ordo/creators-os/internal/repository/workspace_repository.go:405.15,407.3 1 0
github.com/ordo/creators-os/internal/repository/workspace_repository.go:409.2,411.16 3 0
github.com/ordo/creators-os/internal/repository/workspace_repository.go:411.16,413.3 1 0
github.com/ordo/creators-os/internal/repository/workspace_repository.go:414.2,414.20 1 0
github.com/ordo/creators-os/internal/repository/workspace_repository.go:414.20,416.3 1 0
github.com/ordo/creators-os/internal/repository/workspace_repository.go:417.2,417.12 1 0
github.com/ordo/creators-os/internal/repository/workspace_repository.go:420.104,422.15 2 0
github.com/ordo/creators-os/internal/repository/workspace_repository.go:422.15,424.3 1 0
github.com/ordo/creators-os/internal/repository/workspace_repository.go:426.2,428.16 3 0
github.com/ordo/creators-os/internal/repository/workspace_repository.go:428.16,430.3 1 0
github.com/ordo/creators-os/internal/repository/workspace_repository.go:431.2,431.20 1 0
github.com/ordo/creators-os/internal/repository/workspace_repository.go:431.20,433.3 1 0
github.com/ordo/creators-os/internal/repository/workspace_repository.go:434.2,434.12 1 0
github.com/ordo/creators-os/internal/repository/workspace_repository.go:437.103,439.15 2 0
github.com/ordo/creators-os/internal/repository/workspace_repository.go:439.15,441.3 1 0
github.com/ordo/creators-os/internal/repository/workspace_repository.go:443.2,446.16 4 0
github.com/ordo/creators-os/internal/repository/workspace_repository.go:446.16,448.3 1 0
github.com/ordo/creators-os/internal/repository/workspace_repository.go:449.2,449.19 1 0
github.com/ordo/creators-os/internal/repository/workspace_repository.go:452.99,454.15 2 0
github.com/ordo/creators-os/internal/repository/workspace_repository.go:454.15,456.3 1 0
github.com/ordo/creators-os/internal/repository/workspace_repository.go:458.2,461.16 4 0
github.com/ordo/creators-os/internal/repository/workspace_repository.go:461.16,463.3 1 0
github.com/ordo/creators-os/internal/repository/workspace_repository.go:464.2,464.19 1 0
github.com/ordo/creators-os/internal/repository/workspace_repository.go:472.132,474.15 2 0
github.com/ordo/creators-os/internal/repository/workspace_repository.go:474.15,476.3 1 0
github.com/ordo/creators-os/internal/repository/workspace_repository.go:478.2,491.28 3 0
github.com/ordo/creators-os/internal/repository/workspace_repository.go:494.117,496.15 2 0
github.com/ordo/creators-os/internal/repository/workspace_repository.go:496.15,498.3 1 0
github.com/ordo/creators-os/internal/repository/workspace_repository.go:500.2,505.28 3 0
github.com/ordo/creators-os/internal/repository/workspace_repository.go:508.133,510.15 2 0
github.com/ordo/creators-os/internal/repository/workspace_repository.go:510.15,512.3 1 0
github.com/ordo/creators-os/internal/repository/workspace_repository.go:514.2,520.16 3 0
github.com/ordo/creators-os/internal/repository/workspace_repository.go:520.16,522.3 1 0
github.com/ordo/creators-os/internal/repository/workspace_repository.go:523.2,526.18 3 0
github.com/ordo/creators-os/internal/repository/workspace_repository.go:526.18,528.17 2 0
github.com/ordo/creators-os/internal/repository/workspace_repository.go:528.17,530.4 1 0
github.com/ordo/creators-os/internal/repository/workspace_repository.go:531.3,531.41 1 0
github.com/ordo/creators-os/internal/repository/workspace_repository.go:533.2,533.32 1 0
github.com/ordo/creators-os/internal/repository/workspace_repository.go:536.113,538.15 2 0
github.com/ordo/creators-os/internal/repository/workspace_repository.go:538.15,540.3 1 0
github.com/ordo/creators-os/internal/repository/workspace_repository.go:542.2,550.16 4 0
github.com/ordo/creators-os/internal/repository/workspace_repository.go:550.16,551.41 1 0
github.com/ordo/creators-os/internal/repository/workspace_repository.go:551.41,553.4 1 0
github.com/ordo/creators-os/internal/repository/workspace_repository.go:554.3,554.18 1 0
github.com/ordo/creators-os/internal/repository/workspace_repository.go:556.2,556.17 1 0
github.com/ordo/creators-os/internal/repository/workspace_repository.go:559.82,561.15 2 0
github.com/ordo/creators-os/internal/repository/workspace_repository.go:561.15,563.3 1 0
github.com/ordo/creators-os/internal/repository/workspace_repository.go:565.2,567.12 3 0
github.com/ordo/creators-os/internal/server/router.go:52.14,77.40 12 0
github.com/ordo/creators-os/internal/server/router.go:77.40,78.63 1 0
github.com/ordo/creators-os/internal/server/router.go:78.63,82.4 3 0
github.com/ordo/creators-os/internal/server/router.go:85.3,85.39 1 0
github.com/ordo/creators-os/internal/server/router.go:85.39,97.4 11 0
github.com/ordo/creators-os/internal/server/router.go:100.3,100.40 1 0
github.com/ordo/creators-os/internal/server/router.go:100.40,105.24 4 0
github.com/ordo/creators-os/internal/server/router.go:105.24,107.5 1 0
github.com/ordo/creators-os/internal/server/router.go:111.3,111.45 1 0
github.com/ordo/creators-os/internal/server/router.go:111.45,115.49 4 0
github.com/ordo/creators-os/internal/server/router.go:115.49,134.27 11 0
github.com/ordo/creators-os/internal/server/router.go:134.27,135.43 1 0
github.com/ordo/creators-os/internal/server/router.go:135.43,138.47 3 0
github.com/ordo/creators-os/internal/server/router.go:138.47,145.8 6 0
github.com/ordo/creators-os/internal/server/router.go:150.5,150.30 1 0
github.com/ordo/creators-os/internal/server/router.go:150.30,151.46 1 0
github.com/ordo/creators-os/internal/server/router.go:151.46,154.50 3 0
github.com/ordo/creators-os/internal/server/router.go:154.50,161.8 6 0
github.com/ordo/creators-os/internal/server/router.go:166.5,166.29 1 0
github.com/ordo/creators-os/internal/server/router.go:166.29,167.44 1 0
github.com/ordo/creators-os/internal/server/router.go:167.44,170.49 3 0
github.com/ordo/creators-os/internal/server/router.go:170.49,175.55 5 0
github.com/ordo/creators-os/internal/server/router.go:175.55,178.9 2 0
github.com/ordo/creators-os/internal/server/router.go:179.8,179.56 1 0
github.com/ordo/creators-os/internal/server/router.go:185.5,185.29 1 0
github.com/ordo/creators-os/internal/server/router.go:185.29,187.6 1 0
github.com/ordo/creators-os/internal/server/router.go:190.5,190.28 1 0
github.com/ordo/creators-os/internal/server/router.go:190.28,192.6 1 0
github.com/ordo/creators-os/internal/server/router.go:195.5,195.25 1 0
github.com/ordo/creators-os/internal/server/router.go:195.25,196.40 1 0
github.com/ordo/creators-os/internal/server/router.go:196.40,201.61 5 0
github.com/ordo/creators-os/internal/server/router.go:201.61,205.8 3 0
github.com/ordo/creators-os/internal/server/router.go:206.7,207.59 2 0
github.com/ordo/creators-os/internal/server/router.go:212.5,212.28 1 0
github.com/ordo/creators-os/internal/server/router.go:212.28,213.43 1 0
github.com/ordo/creators-os/internal/server/router.go:213.43,215.46 2 0
github.com/ordo/creators-os/internal/server/router.go:215.46,219.8 3 0
github.com/ordo/creators-os/internal/server/router.go:224.5,224.33 1 0
github.com/ordo/creators-os/internal/server/router.go:224.33,225.48 1 0
github.com/ordo/creators-os/internal/server/router.go:225.48,232.7 6 0
github.com/ordo/creators-os/internal/server/router.go:236.5,236.32 1 0
github.com/ordo/creators-os/internal/server/router.go:236.32,237.47 1 0
github.com/ordo/creators-os/internal/server/router.go:237.47,242.7 4 0
github.com/ordo/creators-os/internal/server/router.go:246.5,246.35 1 0
github.com/ordo/creators-os/internal/server/router.go:246.35,247.50 1 0
github.com/ordo/creators-os/internal/server/router.go:247.50,251.7 3 0
github.com/ordo/creators-os/internal/server/router.go:255.5,255.34 1 0
github.com/ordo/creators-os/internal/server/router.go:255.34,256.50 1 0
github.com/ordo/creators-os/internal/server/router.go:256.50,259.43 3 0
github.com/ordo/creators-os/internal/server/router.go:259.43,265.8 5 0
github.com/ordo/creators-os/internal/server/router.go:272.3,275.28 2 0
github.com/ordo/creators-os/internal/server/router.go:275.28,276.43 1 0
github.com/ordo/creators-os/internal/server/router.go:276.43,280.5 3 0
github.com/ordo/creators-os/internal/server/router.go:284.3,284.23 1 0
github.com/ordo/creators-os/internal/server/router.go:284.23,286.4 1 0
github.com/ordo/creators-os/internal/server/router.go:289.3,289.27 1 0
github.com/ordo/creators-os/internal/server/router.go:289.27,290.43 1 0
github.com/ordo/creators-os/internal/server/router.go:290.43,296.5 5 0
github.com/ordo/creators-os/internal/server/router.go:301.2,301.27 1 0
github.com/ordo/creators-os/internal/server/router.go:301.27,303.3 1 0
github.com/ordo/creators-os/internal/server/router.go:306.2,309.10 3 0
github.com/ordo/creators-os/internal/server/server.go:21.56,32.2 1 0
github.com/ordo/creators-os/internal/server/server.go:36.51,38.85 2 0
github.com/ordo/creators-os/internal/server/server.go:38.85,40.3 1 0
github.com/ordo/creators-os/internal/server/server.go:41.2,41.12 1 0
github.com/ordo/creators-os/internal/server/server.go:46.54,49.2 2 0
